Using pre-set license
Built from '2020.3/release' branch; Version is '2020.3.2f1 (8fd9074bf66c) revision 9427207'; Using compiler version '192528614'; Build Type 'Release'
OS: 'Windows 10 Home; OS build 19042.1237; Version 2009; 64bit' Language: 'en' Physical Memory: 16227 MB
BatchMode: 1, IsHumanControllingUs: 0, StartBugReporterOnCrash: 0, Is64bit: 1, IsPro: 0

 COMMAND LINE ARGUMENTS:
C:\Program Files\Unity\Hub\Editor\2020.3.2f1\Editor\Unity.exe
-adb2
-batchMode
-noUpm
-name
AssetImportWorker0
-projectPath
D:/Unity_Plugins/Unity_ParticleAttractor_Plugin_Source
-logFile
Logs/AssetImportWorker0.log
-srvPort
59474
Successfully changed project path to: D:/Unity_Plugins/Unity_ParticleAttractor_Plugin_Source
D:/Unity_Plugins/Unity_ParticleAttractor_Plugin_Source
Using Asset Import Pipeline V2.
Refreshing native plugins compatible for Editor in 43.24 ms, found 0 plugins.
Preloading 0 native plugins for Editor in 0.00 ms.
Initialize engine version: 2020.3.2f1 (8fd9074bf66c)
[Subsystems] Discovering subsystems at path C:/Program Files/Unity/Hub/Editor/2020.3.2f1/Editor/Data/Resources/UnitySubsystems
[Subsystems] Discovering subsystems at path D:/Unity_Plugins/Unity_ParticleAttractor_Plugin_Source/Assets
GfxDevice: creating device client; threaded=0
Direct3D:
    Version:  Direct3D 11.0 [level 11.1]
    Renderer: NVIDIA GeForce GTX 1060 (ID=0x1c20)
    Vendor:   
    VRAM:     6052 MB
    Driver:   26.21.14.4274
Initialize mono
Mono path[0] = 'C:/Program Files/Unity/Hub/Editor/2020.3.2f1/Editor/Data/Managed'
Mono path[1] = 'C:/Program Files/Unity/Hub/Editor/2020.3.2f1/Editor/Data/MonoBleedingEdge/lib/mono/unityjit'
Mono config path = 'C:/Program Files/Unity/Hub/Editor/2020.3.2f1/Editor/Data/MonoBleedingEdge/etc'
Using monoOptions --debugger-agent=transport=dt_socket,embedding=1,server=y,suspend=n,address=127.0.0.1:56020
Begin MonoManager ReloadAssembly
Registering precompiled unity dll's ...
Register platform support module: C:/Program Files/Unity/Hub/Editor/2020.3.2f1/Editor/Data/PlaybackEngines/WindowsStandaloneSupport/UnityEditor.WindowsStandalone.Extensions.dll
Registered in 0.002564 seconds.
Native extension for WindowsStandalone target not found
Refreshing native plugins compatible for Editor in 35.50 ms, found 0 plugins.
Preloading 0 native plugins for Editor in 0.00 ms.
Invoked RoslynAnalysisRunner static constructor.
RoslynAnalysisRunner will not be running.
RoslynAnalysisRunner has terminated.
Mono: successfully reloaded assembly
- Completed reload, in  2.000 seconds
Platform modules already initialized, skipping
Registering precompiled user dll's ...
Registered in 0.002766 seconds.
Begin MonoManager ReloadAssembly
Native extension for WindowsStandalone target not found
Refreshing native plugins compatible for Editor in 0.38 ms, found 0 plugins.
Preloading 0 native plugins for Editor in 0.00 ms.
Invoked RoslynAnalysisRunner static constructor.
RoslynAnalysisRunner will not be running.
RoslynAnalysisRunner has terminated.
Mono: successfully reloaded assembly
- Completed reload, in  1.017 seconds
Platform modules already initialized, skipping
========================================================================
Worker process is ready to serve import requests
Launched and connected shader compiler UnityShaderCompiler.exe after 0.04 seconds
Refreshing native plugins compatible for Editor in 0.38 ms, found 0 plugins.
Preloading 0 native plugins for Editor in 0.00 ms.
Unloading 1417 Unused Serialized files (Serialized files now loaded: 0)
System memory in use before: 65.1 MB.
System memory in use after: 65.1 MB.

Unloading 38 unused Assets to reduce memory usage. Loaded Objects now: 1847.
Total: 1.863400 ms (FindLiveObjects: 0.149000 ms CreateObjectMapping: 0.054800 ms MarkObjects: 1.591400 ms  DeleteObjects: 0.066500 ms)

========================================================================
Received Import Request.
  path: Assets/ParticleAttractor/Attractor/Editor/ParticleAttractorSaveWindow.cs
  artifactKey: Guid(e496052bc616d1b49a057c8e91c31e4b) Importer(815301076,1909f56bfc062723c751e8b465ee728b)
Start importing Assets/ParticleAttractor/Attractor/Editor/ParticleAttractorSaveWindow.cs using Guid(e496052bc616d1b49a057c8e91c31e4b) Importer(815301076,1909f56bfc062723c751e8b465ee728b)  -> (artifact id: '6d92d4439aace40b25ad8067b0e596f3') in 0.025248 seconds
  Import took 0.027859 seconds .

========================================================================
Received Import Request.
  Time since last request: 103.801188 seconds.
  path: Assets/ParticleAttractor/Attractor/Editor/ParticleAttractorSaveWindow.cs
  artifactKey: Guid(e496052bc616d1b49a057c8e91c31e4b) Importer(815301076,1909f56bfc062723c751e8b465ee728b)
Start importing Assets/ParticleAttractor/Attractor/Editor/ParticleAttractorSaveWindow.cs using Guid(e496052bc616d1b49a057c8e91c31e4b) Importer(815301076,1909f56bfc062723c751e8b465ee728b)  -> (artifact id: 'f8e374a19dcaa80c303b394b4628b066') in 0.006026 seconds
  Import took 0.010403 seconds .

========================================================================
Received Import Request.
  Time since last request: 0.068213 seconds.
  path: Assets/ParticleAttractor/Attractor/Editor/ParticleAttractorSaveWindow.cs
  artifactKey: Guid(e496052bc616d1b49a057c8e91c31e4b) Importer(815301076,1909f56bfc062723c751e8b465ee728b)
Start importing Assets/ParticleAttractor/Attractor/Editor/ParticleAttractorSaveWindow.cs using Guid(e496052bc616d1b49a057c8e91c31e4b) Importer(815301076,1909f56bfc062723c751e8b465ee728b)  -> (artifact id: '00000000000000000000000000000000') in 0.000435 seconds
  ERROR: Build asset version error: assets/particleattractor/attractor/editor/particleattractorsavewindow.cs in SourceAssetDB has modification time of '2021-10-02T08:41:04.1926353Z' while content on disk has modification time of '2021-10-02T08:41:04.9473734Z'
  Import took 0.004497 seconds .

========================================================================
Received Prepare
Registering precompiled user dll's ...
Registered in 0.003449 seconds.
Begin MonoManager ReloadAssembly
Native extension for WindowsStandalone target not found
Refreshing native plugins compatible for Editor in 0.46 ms, found 0 plugins.
Preloading 0 native plugins for Editor in 0.00 ms.
Invoked RoslynAnalysisRunner static constructor.
RoslynAnalysisRunner will not be running.
RoslynAnalysisRunner has terminated.
Mono: successfully reloaded assembly
- Completed reload, in  0.864 seconds
Platform modules already initialized, skipping
Refreshing native plugins compatible for Editor in 0.51 ms, found 0 plugins.
Preloading 0 native plugins for Editor in 0.00 ms.
Unloading 1411 Unused Serialized files (Serialized files now loaded: 0)
System memory in use before: 64.9 MB.
System memory in use after: 65.0 MB.

Unloading 29 unused Assets to reduce memory usage. Loaded Objects now: 1850.
Total: 2.223500 ms (FindLiveObjects: 0.193900 ms CreateObjectMapping: 0.075200 ms MarkObjects: 1.918400 ms  DeleteObjects: 0.034300 ms)

========================================================================
Received Import Request.
  Time since last request: 60.401960 seconds.
  path: Assets/ParticleAttractor/Attractor/Editor/ParticleAttractorSaveWindow.cs
  artifactKey: Guid(e496052bc616d1b49a057c8e91c31e4b) Importer(815301076,1909f56bfc062723c751e8b465ee728b)
Start importing Assets/ParticleAttractor/Attractor/Editor/ParticleAttractorSaveWindow.cs using Guid(e496052bc616d1b49a057c8e91c31e4b) Importer(815301076,1909f56bfc062723c751e8b465ee728b)  -> (artifact id: '759a040c0a2e35be8e012b5630d423e2') in 0.006610 seconds
  Import took 0.009942 seconds .

========================================================================
Received Import Request.
  Time since last request: 0.050945 seconds.
  path: Assets/ParticleAttractor/Attractor/Editor/ParticleAttractorSaveWindow.cs
  artifactKey: Guid(e496052bc616d1b49a057c8e91c31e4b) Importer(815301076,1909f56bfc062723c751e8b465ee728b)
Start importing Assets/ParticleAttractor/Attractor/Editor/ParticleAttractorSaveWindow.cs using Guid(e496052bc616d1b49a057c8e91c31e4b) Importer(815301076,1909f56bfc062723c751e8b465ee728b)  -> (artifact id: '759a040c0a2e35be8e012b5630d423e2') in 0.002759 seconds
  Import took 0.006034 seconds .

========================================================================
Received Import Request.
  Time since last request: 34.985033 seconds.
  path: Assets/ParticleAttractor/Attractor/Editor/ParticleAttractorSaveWindow.cs
  artifactKey: Guid(e496052bc616d1b49a057c8e91c31e4b) Importer(815301076,1909f56bfc062723c751e8b465ee728b)
Start importing Assets/ParticleAttractor/Attractor/Editor/ParticleAttractorSaveWindow.cs using Guid(e496052bc616d1b49a057c8e91c31e4b) Importer(815301076,1909f56bfc062723c751e8b465ee728b)  -> (artifact id: '1d99aaa8771c19df541909069084d4f3') in 0.007236 seconds
  Import took 0.013478 seconds .

========================================================================
Received Import Request.
  Time since last request: 0.032445 seconds.
  path: Assets/ParticleAttractor/Attractor/Editor/ParticleAttractorSaveWindow.cs
  artifactKey: Guid(e496052bc616d1b49a057c8e91c31e4b) Importer(815301076,1909f56bfc062723c751e8b465ee728b)
Start importing Assets/ParticleAttractor/Attractor/Editor/ParticleAttractorSaveWindow.cs using Guid(e496052bc616d1b49a057c8e91c31e4b) Importer(815301076,1909f56bfc062723c751e8b465ee728b)  -> (artifact id: '1d99aaa8771c19df541909069084d4f3') in 0.008214 seconds
  Import took 0.014134 seconds .

========================================================================
Received Import Request.
  Time since last request: 3.918912 seconds.
  path: Assets/ParticleAttractor/Attractor/Editor/ParticleAttractorSaveWindow.cs
  artifactKey: Guid(e496052bc616d1b49a057c8e91c31e4b) Importer(815301076,1909f56bfc062723c751e8b465ee728b)
Start importing Assets/ParticleAttractor/Attractor/Editor/ParticleAttractorSaveWindow.cs using Guid(e496052bc616d1b49a057c8e91c31e4b) Importer(815301076,1909f56bfc062723c751e8b465ee728b)  -> (artifact id: 'b75a831884966603ab8df31fa180667f') in 0.007978 seconds
  Import took 0.012179 seconds .

========================================================================
Received Prepare
Registering precompiled user dll's ...
Registered in 0.003396 seconds.
Begin MonoManager ReloadAssembly
Native extension for WindowsStandalone target not found
Refreshing native plugins compatible for Editor in 0.39 ms, found 0 plugins.
Preloading 0 native plugins for Editor in 0.00 ms.
Invoked RoslynAnalysisRunner static constructor.
RoslynAnalysisRunner will not be running.
RoslynAnalysisRunner has terminated.
Mono: successfully reloaded assembly
- Completed reload, in  0.930 seconds
Platform modules already initialized, skipping
Refreshing native plugins compatible for Editor in 0.47 ms, found 0 plugins.
Preloading 0 native plugins for Editor in 0.00 ms.
Unloading 1411 Unused Serialized files (Serialized files now loaded: 0)
System memory in use before: 64.9 MB.
System memory in use after: 65.0 MB.

Unloading 29 unused Assets to reduce memory usage. Loaded Objects now: 1853.
Total: 3.101400 ms (FindLiveObjects: 0.231000 ms CreateObjectMapping: 0.107300 ms MarkObjects: 2.715400 ms  DeleteObjects: 0.045500 ms)

========================================================================
Received Import Request.
  Time since last request: 41.097697 seconds.
  path: Assets/ParticleAttractor/Attractor/Editor/ParticleAttractorSaveWindow.cs
  artifactKey: Guid(e496052bc616d1b49a057c8e91c31e4b) Importer(815301076,1909f56bfc062723c751e8b465ee728b)
Start importing Assets/ParticleAttractor/Attractor/Editor/ParticleAttractorSaveWindow.cs using Guid(e496052bc616d1b49a057c8e91c31e4b) Importer(815301076,1909f56bfc062723c751e8b465ee728b)  -> (artifact id: '3e154a1fea6460a3d5956c7f09830d83') in 0.009817 seconds
  Import took 0.022462 seconds .

========================================================================
Received Prepare
Registering precompiled user dll's ...
Registered in 0.003671 seconds.
Begin MonoManager ReloadAssembly
Native extension for WindowsStandalone target not found
Refreshing native plugins compatible for Editor in 0.42 ms, found 0 plugins.
Preloading 0 native plugins for Editor in 0.00 ms.
Invoked RoslynAnalysisRunner static constructor.
RoslynAnalysisRunner will not be running.
RoslynAnalysisRunner has terminated.
Mono: successfully reloaded assembly
- Completed reload, in  1.090 seconds
Platform modules already initialized, skipping
Refreshing native plugins compatible for Editor in 0.40 ms, found 0 plugins.
Preloading 0 native plugins for Editor in 0.00 ms.
Unloading 1411 Unused Serialized files (Serialized files now loaded: 0)
System memory in use before: 65.0 MB.
System memory in use after: 65.1 MB.

Unloading 29 unused Assets to reduce memory usage. Loaded Objects now: 1856.
Total: 1.936300 ms (FindLiveObjects: 0.279600 ms CreateObjectMapping: 0.145400 ms MarkObjects: 1.489600 ms  DeleteObjects: 0.020300 ms)

========================================================================
Received Import Request.
  Time since last request: 39.535359 seconds.
  path: Assets/ParticleAttractor/Attractor/Editor/ParticleAttractorSaveWindow.cs
  artifactKey: Guid(e496052bc616d1b49a057c8e91c31e4b) Importer(815301076,1909f56bfc062723c751e8b465ee728b)
Start importing Assets/ParticleAttractor/Attractor/Editor/ParticleAttractorSaveWindow.cs using Guid(e496052bc616d1b49a057c8e91c31e4b) Importer(815301076,1909f56bfc062723c751e8b465ee728b)  -> (artifact id: '75103642237acdb8dd9ede95a99f0c6e') in 0.009553 seconds
  Import took 0.021258 seconds .

========================================================================
Received Prepare
Registering precompiled user dll's ...
Registered in 0.004151 seconds.
Begin MonoManager ReloadAssembly
Native extension for WindowsStandalone target not found
Refreshing native plugins compatible for Editor in 0.57 ms, found 0 plugins.
Preloading 0 native plugins for Editor in 0.00 ms.
Invoked RoslynAnalysisRunner static constructor.
RoslynAnalysisRunner will not be running.
RoslynAnalysisRunner has terminated.
Mono: successfully reloaded assembly
- Completed reload, in  1.392 seconds
Platform modules already initialized, skipping
Refreshing native plugins compatible for Editor in 0.81 ms, found 0 plugins.
Preloading 0 native plugins for Editor in 0.00 ms.
Unloading 1411 Unused Serialized files (Serialized files now loaded: 0)
System memory in use before: 65.0 MB.
System memory in use after: 65.1 MB.

Unloading 29 unused Assets to reduce memory usage. Loaded Objects now: 1859.
Total: 2.847900 ms (FindLiveObjects: 0.413900 ms CreateObjectMapping: 0.149400 ms MarkObjects: 2.249500 ms  DeleteObjects: 0.031200 ms)

========================================================================
Received Prepare
Registering precompiled user dll's ...
Registered in 0.003357 seconds.
Begin MonoManager ReloadAssembly
Native extension for WindowsStandalone target not found
Refreshing native plugins compatible for Editor in 0.50 ms, found 0 plugins.
Preloading 0 native plugins for Editor in 0.00 ms.
Invoked RoslynAnalysisRunner static constructor.
RoslynAnalysisRunner will not be running.
RoslynAnalysisRunner has terminated.
Mono: successfully reloaded assembly
- Completed reload, in  0.933 seconds
Platform modules already initialized, skipping
Refreshing native plugins compatible for Editor in 0.40 ms, found 0 plugins.
Preloading 0 native plugins for Editor in 0.00 ms.
Unloading 1411 Unused Serialized files (Serialized files now loaded: 0)
System memory in use before: 65.0 MB.
System memory in use after: 65.1 MB.

Unloading 29 unused Assets to reduce memory usage. Loaded Objects now: 1862.
Total: 1.910700 ms (FindLiveObjects: 0.165700 ms CreateObjectMapping: 0.074200 ms MarkObjects: 1.643800 ms  DeleteObjects: 0.025000 ms)

========================================================================
Received Prepare
Registering precompiled user dll's ...
Registered in 0.004987 seconds.
Begin MonoManager ReloadAssembly
Native extension for WindowsStandalone target not found
Refreshing native plugins compatible for Editor in 0.47 ms, found 0 plugins.
Preloading 0 native plugins for Editor in 0.00 ms.
Invoked RoslynAnalysisRunner static constructor.
RoslynAnalysisRunner will not be running.
RoslynAnalysisRunner has terminated.
Mono: successfully reloaded assembly
- Completed reload, in  0.918 seconds
Platform modules already initialized, skipping
Refreshing native plugins compatible for Editor in 0.39 ms, found 0 plugins.
Preloading 0 native plugins for Editor in 0.00 ms.
Unloading 1411 Unused Serialized files (Serialized files now loaded: 0)
System memory in use before: 65.0 MB.
System memory in use after: 65.1 MB.

Unloading 29 unused Assets to reduce memory usage. Loaded Objects now: 1865.
Total: 1.693900 ms (FindLiveObjects: 0.141400 ms CreateObjectMapping: 0.050400 ms MarkObjects: 1.483500 ms  DeleteObjects: 0.017100 ms)

========================================================================
Received Prepare
Registering precompiled user dll's ...
Registered in 0.003953 seconds.
Begin MonoManager ReloadAssembly
Native extension for WindowsStandalone target not found
Refreshing native plugins compatible for Editor in 0.41 ms, found 0 plugins.
Preloading 0 native plugins for Editor in 0.00 ms.
Invoked RoslynAnalysisRunner static constructor.
RoslynAnalysisRunner will not be running.
RoslynAnalysisRunner has terminated.
Mono: successfully reloaded assembly
- Completed reload, in  0.893 seconds
Platform modules already initialized, skipping
Refreshing native plugins compatible for Editor in 0.40 ms, found 0 plugins.
Preloading 0 native plugins for Editor in 0.00 ms.
Unloading 1411 Unused Serialized files (Serialized files now loaded: 0)
System memory in use before: 65.0 MB.
System memory in use after: 65.1 MB.

Unloading 29 unused Assets to reduce memory usage. Loaded Objects now: 1868.
Total: 1.788600 ms (FindLiveObjects: 0.182000 ms CreateObjectMapping: 0.079000 ms MarkObjects: 1.507100 ms  DeleteObjects: 0.019300 ms)

========================================================================
Received Prepare
Registering precompiled user dll's ...
Registered in 0.003768 seconds.
Begin MonoManager ReloadAssembly
Native extension for WindowsStandalone target not found
Refreshing native plugins compatible for Editor in 0.49 ms, found 0 plugins.
Preloading 0 native plugins for Editor in 0.00 ms.
Invoked RoslynAnalysisRunner static constructor.
RoslynAnalysisRunner will not be running.
RoslynAnalysisRunner has terminated.
Mono: successfully reloaded assembly
- Completed reload, in  1.048 seconds
Platform modules already initialized, skipping
Refreshing native plugins compatible for Editor in 0.46 ms, found 0 plugins.
Preloading 0 native plugins for Editor in 0.00 ms.
Unloading 1411 Unused Serialized files (Serialized files now loaded: 0)
System memory in use before: 65.0 MB.
System memory in use after: 65.1 MB.

Unloading 29 unused Assets to reduce memory usage. Loaded Objects now: 1871.
Total: 2.727900 ms (FindLiveObjects: 0.226000 ms CreateObjectMapping: 0.076700 ms MarkObjects: 2.383700 ms  DeleteObjects: 0.040100 ms)

========================================================================
Received Prepare
Registering precompiled user dll's ...
Registered in 0.003541 seconds.
Begin MonoManager ReloadAssembly
Native extension for WindowsStandalone target not found
Refreshing native plugins compatible for Editor in 0.47 ms, found 0 plugins.
Preloading 0 native plugins for Editor in 0.00 ms.
Invoked RoslynAnalysisRunner static constructor.
RoslynAnalysisRunner will not be running.
RoslynAnalysisRunner has terminated.
Mono: successfully reloaded assembly
- Completed reload, in  0.999 seconds
Platform modules already initialized, skipping
Refreshing native plugins compatible for Editor in 0.44 ms, found 0 plugins.
Preloading 0 native plugins for Editor in 0.00 ms.
Unloading 1411 Unused Serialized files (Serialized files now loaded: 0)
System memory in use before: 65.0 MB.
System memory in use after: 65.1 MB.

Unloading 29 unused Assets to reduce memory usage. Loaded Objects now: 1874.
Total: 1.974300 ms (FindLiveObjects: 0.243400 ms CreateObjectMapping: 0.082500 ms MarkObjects: 1.625900 ms  DeleteObjects: 0.020100 ms)

========================================================================
Received Prepare
Registering precompiled user dll's ...
Registered in 0.003438 seconds.
Begin MonoManager ReloadAssembly
Native extension for WindowsStandalone target not found
Refreshing native plugins compatible for Editor in 0.40 ms, found 0 plugins.
Preloading 0 native plugins for Editor in 0.00 ms.
Invoked RoslynAnalysisRunner static constructor.
RoslynAnalysisRunner will not be running.
RoslynAnalysisRunner has terminated.
Mono: successfully reloaded assembly
- Completed reload, in  0.852 seconds
Platform modules already initialized, skipping
Refreshing native plugins compatible for Editor in 0.41 ms, found 0 plugins.
Preloading 0 native plugins for Editor in 0.00 ms.
Unloading 1411 Unused Serialized files (Serialized files now loaded: 0)
System memory in use before: 65.0 MB.
System memory in use after: 65.1 MB.

Unloading 29 unused Assets to reduce memory usage. Loaded Objects now: 1877.
Total: 1.836400 ms (FindLiveObjects: 0.257700 ms CreateObjectMapping: 0.058500 ms MarkObjects: 1.500200 ms  DeleteObjects: 0.018600 ms)

========================================================================
Received Prepare
Registering precompiled user dll's ...
Registered in 0.003544 seconds.
Begin MonoManager ReloadAssembly
Native extension for WindowsStandalone target not found
Refreshing native plugins compatible for Editor in 0.46 ms, found 0 plugins.
Preloading 0 native plugins for Editor in 0.00 ms.
Invoked RoslynAnalysisRunner static constructor.
RoslynAnalysisRunner will not be running.
RoslynAnalysisRunner has terminated.
Mono: successfully reloaded assembly
- Completed reload, in  0.896 seconds
Platform modules already initialized, skipping
Refreshing native plugins compatible for Editor in 0.40 ms, found 0 plugins.
Preloading 0 native plugins for Editor in 0.00 ms.
Unloading 1411 Unused Serialized files (Serialized files now loaded: 0)
System memory in use before: 65.0 MB.
System memory in use after: 65.1 MB.

Unloading 29 unused Assets to reduce memory usage. Loaded Objects now: 1880.
Total: 1.844400 ms (FindLiveObjects: 0.161400 ms CreateObjectMapping: 0.061100 ms MarkObjects: 1.600700 ms  DeleteObjects: 0.019700 ms)

========================================================================
Received Prepare
Registering precompiled user dll's ...
Registered in 0.004097 seconds.
Begin MonoManager ReloadAssembly
Native extension for WindowsStandalone target not found
Refreshing native plugins compatible for Editor in 0.46 ms, found 0 plugins.
Preloading 0 native plugins for Editor in 0.00 ms.
Invoked RoslynAnalysisRunner static constructor.
RoslynAnalysisRunner will not be running.
RoslynAnalysisRunner has terminated.
Mono: successfully reloaded assembly
- Completed reload, in  0.921 seconds
Platform modules already initialized, skipping
Refreshing native plugins compatible for Editor in 0.40 ms, found 0 plugins.
Preloading 0 native plugins for Editor in 0.00 ms.
Unloading 1411 Unused Serialized files (Serialized files now loaded: 0)
System memory in use before: 65.0 MB.
System memory in use after: 65.1 MB.

Unloading 29 unused Assets to reduce memory usage. Loaded Objects now: 1883.
Total: 1.769500 ms (FindLiveObjects: 0.171300 ms CreateObjectMapping: 0.065100 ms MarkObjects: 1.511900 ms  DeleteObjects: 0.019900 ms)

========================================================================
Received Prepare
Registering precompiled user dll's ...
Registered in 0.005656 seconds.
Begin MonoManager ReloadAssembly
Native extension for WindowsStandalone target not found
Refreshing native plugins compatible for Editor in 0.46 ms, found 0 plugins.
Preloading 0 native plugins for Editor in 0.00 ms.
Invoked RoslynAnalysisRunner static constructor.
RoslynAnalysisRunner will not be running.
RoslynAnalysisRunner has terminated.
Mono: successfully reloaded assembly
- Completed reload, in  0.940 seconds
Platform modules already initialized, skipping
Refreshing native plugins compatible for Editor in 0.44 ms, found 0 plugins.
Preloading 0 native plugins for Editor in 0.00 ms.
Unloading 1411 Unused Serialized files (Serialized files now loaded: 0)
System memory in use before: 65.0 MB.
System memory in use after: 65.1 MB.

Unloading 29 unused Assets to reduce memory usage. Loaded Objects now: 1886.
Total: 1.943400 ms (FindLiveObjects: 0.168500 ms CreateObjectMapping: 0.072400 ms MarkObjects: 1.681300 ms  DeleteObjects: 0.019400 ms)

========================================================================
Received Prepare
Registering precompiled user dll's ...
Registered in 0.003188 seconds.
Begin MonoManager ReloadAssembly
Native extension for WindowsStandalone target not found
Refreshing native plugins compatible for Editor in 0.52 ms, found 0 plugins.
Preloading 0 native plugins for Editor in 0.00 ms.
Invoked RoslynAnalysisRunner static constructor.
RoslynAnalysisRunner will not be running.
RoslynAnalysisRunner has terminated.
Mono: successfully reloaded assembly
- Completed reload, in  0.922 seconds
Platform modules already initialized, skipping
Refreshing native plugins compatible for Editor in 0.44 ms, found 0 plugins.
Preloading 0 native plugins for Editor in 0.00 ms.
Unloading 1411 Unused Serialized files (Serialized files now loaded: 0)
System memory in use before: 65.0 MB.
System memory in use after: 65.1 MB.

Unloading 29 unused Assets to reduce memory usage. Loaded Objects now: 1889.
Total: 1.918400 ms (FindLiveObjects: 0.191100 ms CreateObjectMapping: 0.049100 ms MarkObjects: 1.660800 ms  DeleteObjects: 0.016500 ms)

========================================================================
Received Prepare
Registering precompiled user dll's ...
Registered in 0.003543 seconds.
Begin MonoManager ReloadAssembly
Native extension for WindowsStandalone target not found
Refreshing native plugins compatible for Editor in 0.46 ms, found 0 plugins.
Preloading 0 native plugins for Editor in 0.00 ms.
Invoked RoslynAnalysisRunner static constructor.
RoslynAnalysisRunner will not be running.
RoslynAnalysisRunner has terminated.
Mono: successfully reloaded assembly
- Completed reload, in  0.896 seconds
Platform modules already initialized, skipping
Refreshing native plugins compatible for Editor in 0.41 ms, found 0 plugins.
Preloading 0 native plugins for Editor in 0.00 ms.
Unloading 1411 Unused Serialized files (Serialized files now loaded: 0)
System memory in use before: 65.0 MB.
System memory in use after: 65.1 MB.

Unloading 29 unused Assets to reduce memory usage. Loaded Objects now: 1892.
Total: 1.785200 ms (FindLiveObjects: 0.218400 ms CreateObjectMapping: 0.075700 ms MarkObjects: 1.471400 ms  DeleteObjects: 0.018600 ms)

========================================================================
Received Import Request.
  Time since last request: 547.702135 seconds.
  path: Assets/JsonDotNet
  artifactKey: Guid(6b5f02db1425f2647b99baa962ee9f65) Importer(815301076,1909f56bfc062723c751e8b465ee728b)
Start importing Assets/JsonDotNet using Guid(6b5f02db1425f2647b99baa962ee9f65) Importer(815301076,1909f56bfc062723c751e8b465ee728b)  -> (artifact id: '66417956a00ec573c6ac8fd9561dee51') in 0.007013 seconds
  Import took 0.009075 seconds .

========================================================================
Received Prepare
Registering precompiled user dll's ...
Registered in 0.004549 seconds.
Begin MonoManager ReloadAssembly
Native extension for WindowsStandalone target not found
Refreshing native plugins compatible for Editor in 0.49 ms, found 0 plugins.
Preloading 0 native plugins for Editor in 0.00 ms.
Invoked RoslynAnalysisRunner static constructor.
RoslynAnalysisRunner will not be running.
RoslynAnalysisRunner has terminated.
Mono: successfully reloaded assembly
- Completed reload, in  0.898 seconds
Platform modules already initialized, skipping
Refreshing native plugins compatible for Editor in 0.50 ms, found 0 plugins.
Preloading 0 native plugins for Editor in 0.00 ms.
Unloading 1411 Unused Serialized files (Serialized files now loaded: 0)
System memory in use before: 65.0 MB.
System memory in use after: 65.2 MB.

Unloading 29 unused Assets to reduce memory usage. Loaded Objects now: 1895.
Total: 1.774900 ms (FindLiveObjects: 0.155100 ms CreateObjectMapping: 0.054600 ms MarkObjects: 1.539100 ms  DeleteObjects: 0.025200 ms)

========================================================================
Received Prepare
Registering precompiled user dll's ...
Registered in 0.002859 seconds.
Begin MonoManager ReloadAssembly
Native extension for WindowsStandalone target not found
Refreshing native plugins compatible for Editor in 0.44 ms, found 0 plugins.
Preloading 0 native plugins for Editor in 0.00 ms.
Invoked RoslynAnalysisRunner static constructor.
RoslynAnalysisRunner will not be running.
RoslynAnalysisRunner has terminated.
Mono: successfully reloaded assembly
- Completed reload, in  0.893 seconds
Platform modules already initialized, skipping
Refreshing native plugins compatible for Editor in 0.39 ms, found 0 plugins.
Preloading 0 native plugins for Editor in 0.00 ms.
Unloading 1411 Unused Serialized files (Serialized files now loaded: 0)
System memory in use before: 65.1 MB.
System memory in use after: 65.2 MB.

Unloading 29 unused Assets to reduce memory usage. Loaded Objects now: 1898.
Total: 2.171200 ms (FindLiveObjects: 0.348900 ms CreateObjectMapping: 0.116600 ms MarkObjects: 1.687700 ms  DeleteObjects: 0.016700 ms)

========================================================================
Received Prepare
Registering precompiled user dll's ...
Registered in 0.002939 seconds.
Begin MonoManager ReloadAssembly
Native extension for WindowsStandalone target not found
Refreshing native plugins compatible for Editor in 0.38 ms, found 0 plugins.
Preloading 0 native plugins for Editor in 0.00 ms.
Invoked RoslynAnalysisRunner static constructor.
RoslynAnalysisRunner will not be running.
RoslynAnalysisRunner has terminated.
Mono: successfully reloaded assembly
- Completed reload, in  0.925 seconds
Platform modules already initialized, skipping
Refreshing native plugins compatible for Editor in 0.40 ms, found 0 plugins.
Preloading 0 native plugins for Editor in 0.00 ms.
Unloading 1411 Unused Serialized files (Serialized files now loaded: 0)
System memory in use before: 65.1 MB.
System memory in use after: 65.2 MB.

Unloading 29 unused Assets to reduce memory usage. Loaded Objects now: 1901.
Total: 2.001300 ms (FindLiveObjects: 0.219800 ms CreateObjectMapping: 0.078600 ms MarkObjects: 1.679100 ms  DeleteObjects: 0.022200 ms)

========================================================================
Received Prepare
Registering precompiled user dll's ...
Registered in 0.004261 seconds.
Begin MonoManager ReloadAssembly
Native extension for WindowsStandalone target not found
Refreshing native plugins compatible for Editor in 0.48 ms, found 0 plugins.
Preloading 0 native plugins for Editor in 0.00 ms.
Invoked RoslynAnalysisRunner static constructor.
RoslynAnalysisRunner will not be running.
RoslynAnalysisRunner has terminated.
Mono: successfully reloaded assembly
- Completed reload, in  0.914 seconds
Platform modules already initialized, skipping
Refreshing native plugins compatible for Editor in 0.47 ms, found 0 plugins.
Preloading 0 native plugins for Editor in 0.00 ms.
Unloading 1411 Unused Serialized files (Serialized files now loaded: 0)
System memory in use before: 65.1 MB.
System memory in use after: 65.2 MB.

Unloading 29 unused Assets to reduce memory usage. Loaded Objects now: 1904.
Total: 1.789400 ms (FindLiveObjects: 0.175100 ms CreateObjectMapping: 0.074900 ms MarkObjects: 1.518100 ms  DeleteObjects: 0.019800 ms)

========================================================================
Received Import Request.
  Time since last request: 160.566312 seconds.
  path: Assets/ParticleAttractor/Attractor/Editor/ParticleAttractorInspector.cs
  artifactKey: Guid(05178392729c18e46a61675689d88d41) Importer(815301076,1909f56bfc062723c751e8b465ee728b)
Start importing Assets/ParticleAttractor/Attractor/Editor/ParticleAttractorInspector.cs using Guid(05178392729c18e46a61675689d88d41) Importer(815301076,1909f56bfc062723c751e8b465ee728b)  -> (artifact id: '1b8dd65597f6a8dec991b8906c53f4a2') in 0.007188 seconds
  Import took 0.011120 seconds .

========================================================================
Received Import Request.
  Time since last request: 0.024870 seconds.
  path: Assets/ParticleAttractor/Attractor/Editor/ParticleAttractorInspector.cs
  artifactKey: Guid(05178392729c18e46a61675689d88d41) Importer(815301076,1909f56bfc062723c751e8b465ee728b)
Start importing Assets/ParticleAttractor/Attractor/Editor/ParticleAttractorInspector.cs using Guid(05178392729c18e46a61675689d88d41) Importer(815301076,1909f56bfc062723c751e8b465ee728b)  -> (artifact id: '1b8dd65597f6a8dec991b8906c53f4a2') in 0.002841 seconds
  Import took 0.004983 seconds .

========================================================================
Received Import Request.
  Time since last request: 0.968059 seconds.
  path: Assets/ParticleAttractor/Attractor/Editor/SaveWindowPA.cs
  artifactKey: Guid(e496052bc616d1b49a057c8e91c31e4b) Importer(815301076,1909f56bfc062723c751e8b465ee728b)
Start importing Assets/ParticleAttractor/Attractor/Editor/SaveWindowPA.cs using Guid(e496052bc616d1b49a057c8e91c31e4b) Importer(815301076,1909f56bfc062723c751e8b465ee728b)  -> (artifact id: '5ead73754427200ed4108c1f3687bc94') in 0.006143 seconds
  Import took 0.010275 seconds .

========================================================================
Received Import Request.
  Time since last request: 20.443403 seconds.
  path: Assets/ParticleAttractor/Attractor/Editor/InspectorEditorPA.cs
  artifactKey: Guid(05178392729c18e46a61675689d88d41) Importer(815301076,1909f56bfc062723c751e8b465ee728b)
Start importing Assets/ParticleAttractor/Attractor/Editor/InspectorEditorPA.cs using Guid(05178392729c18e46a61675689d88d41) Importer(815301076,1909f56bfc062723c751e8b465ee728b)  -> (artifact id: 'b058ace61ffa0e904a5ecb65cc8498aa') in 0.029812 seconds
  Import took 0.033651 seconds .

========================================================================
Received Prepare
Registering precompiled user dll's ...
Registered in 0.017462 seconds.
Begin MonoManager ReloadAssembly
Native extension for WindowsStandalone target not found
Refreshing native plugins compatible for Editor in 0.53 ms, found 0 plugins.
Preloading 0 native plugins for Editor in 0.00 ms.
Invoked RoslynAnalysisRunner static constructor.
RoslynAnalysisRunner will not be running.
RoslynAnalysisRunner has terminated.
Mono: successfully reloaded assembly
- Completed reload, in  1.250 seconds
Platform modules already initialized, skipping
Refreshing native plugins compatible for Editor in 0.62 ms, found 0 plugins.
Preloading 0 native plugins for Editor in 0.00 ms.
Unloading 1411 Unused Serialized files (Serialized files now loaded: 0)
System memory in use before: 65.1 MB.
System memory in use after: 65.2 MB.

Unloading 29 unused Assets to reduce memory usage. Loaded Objects now: 1907.
Total: 2.543900 ms (FindLiveObjects: 0.189700 ms CreateObjectMapping: 0.076200 ms MarkObjects: 2.251400 ms  DeleteObjects: 0.024900 ms)

========================================================================
Received Prepare
Registering precompiled user dll's ...
Registered in 0.003326 seconds.
Begin MonoManager ReloadAssembly
Native extension for WindowsStandalone target not found
Refreshing native plugins compatible for Editor in 0.68 ms, found 0 plugins.
Preloading 0 native plugins for Editor in 0.00 ms.
Invoked RoslynAnalysisRunner static constructor.
RoslynAnalysisRunner will not be running.
RoslynAnalysisRunner has terminated.
Mono: successfully reloaded assembly
- Completed reload, in  1.422 seconds
Platform modules already initialized, skipping
Refreshing native plugins compatible for Editor in 0.44 ms, found 0 plugins.
Preloading 0 native plugins for Editor in 0.00 ms.
Unloading 1411 Unused Serialized files (Serialized files now loaded: 0)
System memory in use before: 65.1 MB.
System memory in use after: 65.2 MB.

Unloading 29 unused Assets to reduce memory usage. Loaded Objects now: 1910.
Total: 2.060100 ms (FindLiveObjects: 0.248800 ms CreateObjectMapping: 0.103800 ms MarkObjects: 1.678400 ms  DeleteObjects: 0.027800 ms)

========================================================================
Received Prepare
Registering precompiled user dll's ...
Registered in 0.004343 seconds.
Begin MonoManager ReloadAssembly
Native extension for WindowsStandalone target not found
Refreshing native plugins compatible for Editor in 0.57 ms, found 0 plugins.
Preloading 0 native plugins for Editor in 0.00 ms.
Invoked RoslynAnalysisRunner static constructor.
RoslynAnalysisRunner will not be running.
RoslynAnalysisRunner has terminated.
Mono: successfully reloaded assembly
- Completed reload, in  1.420 seconds
Platform modules already initialized, skipping
Refreshing native plugins compatible for Editor in 0.46 ms, found 0 plugins.
Preloading 0 native plugins for Editor in 0.00 ms.
Unloading 1411 Unused Serialized files (Serialized files now loaded: 0)
System memory in use before: 65.1 MB.
System memory in use after: 65.2 MB.

Unloading 29 unused Assets to reduce memory usage. Loaded Objects now: 1913.
Total: 2.238600 ms (FindLiveObjects: 0.245000 ms CreateObjectMapping: 0.083900 ms MarkObjects: 1.888400 ms  DeleteObjects: 0.020000 ms)

========================================================================
Received Prepare
Registering precompiled user dll's ...
Registered in 0.003264 seconds.
Begin MonoManager ReloadAssembly
Native extension for WindowsStandalone target not found
Refreshing native plugins compatible for Editor in 0.38 ms, found 0 plugins.
Preloading 0 native plugins for Editor in 0.00 ms.
Invoked RoslynAnalysisRunner static constructor.
RoslynAnalysisRunner will not be running.
RoslynAnalysisRunner has terminated.
Mono: successfully reloaded assembly
- Completed reload, in  0.972 seconds
Platform modules already initialized, skipping
Refreshing native plugins compatible for Editor in 0.46 ms, found 0 plugins.
Preloading 0 native plugins for Editor in 0.00 ms.
Unloading 1411 Unused Serialized files (Serialized files now loaded: 0)
System memory in use before: 65.1 MB.
System memory in use after: 65.2 MB.

Unloading 29 unused Assets to reduce memory usage. Loaded Objects now: 1916.
Total: 2.163800 ms (FindLiveObjects: 0.185600 ms CreateObjectMapping: 0.061400 ms MarkObjects: 1.893000 ms  DeleteObjects: 0.022600 ms)

========================================================================
Received Prepare
Registering precompiled user dll's ...
Registered in 0.007519 seconds.
Begin MonoManager ReloadAssembly
Native extension for WindowsStandalone target not found
Refreshing native plugins compatible for Editor in 0.43 ms, found 0 plugins.
Preloading 0 native plugins for Editor in 0.00 ms.
Invoked RoslynAnalysisRunner static constructor.
RoslynAnalysisRunner will not be running.
RoslynAnalysisRunner has terminated.
Mono: successfully reloaded assembly
- Completed reload, in  0.979 seconds
Platform modules already initialized, skipping
Refreshing native plugins compatible for Editor in 0.56 ms, found 0 plugins.
Preloading 0 native plugins for Editor in 0.00 ms.
Unloading 1411 Unused Serialized files (Serialized files now loaded: 0)
System memory in use before: 65.1 MB.
System memory in use after: 65.2 MB.

Unloading 29 unused Assets to reduce memory usage. Loaded Objects now: 1919.
Total: 2.495100 ms (FindLiveObjects: 0.306500 ms CreateObjectMapping: 0.114300 ms MarkObjects: 2.042600 ms  DeleteObjects: 0.029400 ms)

========================================================================
Received Prepare
Registering precompiled user dll's ...
Registered in 0.005749 seconds.
Begin MonoManager ReloadAssembly
Native extension for WindowsStandalone target not found
Refreshing native plugins compatible for Editor in 0.39 ms, found 0 plugins.
Preloading 0 native plugins for Editor in 0.00 ms.
Invoked RoslynAnalysisRunner static constructor.
RoslynAnalysisRunner will not be running.
RoslynAnalysisRunner has terminated.
Mono: successfully reloaded assembly
- Completed reload, in  0.919 seconds
Platform modules already initialized, skipping
Refreshing native plugins compatible for Editor in 0.38 ms, found 0 plugins.
Preloading 0 native plugins for Editor in 0.00 ms.
Unloading 1411 Unused Serialized files (Serialized files now loaded: 0)
System memory in use before: 65.1 MB.
System memory in use after: 65.2 MB.

Unloading 29 unused Assets to reduce memory usage. Loaded Objects now: 1922.
Total: 1.846200 ms (FindLiveObjects: 0.205400 ms CreateObjectMapping: 0.086600 ms MarkObjects: 1.527400 ms  DeleteObjects: 0.024400 ms)

========================================================================
Received Prepare
Registering precompiled user dll's ...
Registered in 0.007347 seconds.
Begin MonoManager ReloadAssembly
Native extension for WindowsStandalone target not found
Refreshing native plugins compatible for Editor in 0.53 ms, found 0 plugins.
Preloading 0 native plugins for Editor in 0.00 ms.
Invoked RoslynAnalysisRunner static constructor.
RoslynAnalysisRunner will not be running.
RoslynAnalysisRunner has terminated.
Mono: successfully reloaded assembly
- Completed reload, in  1.066 seconds
Platform modules already initialized, skipping
Refreshing native plugins compatible for Editor in 0.38 ms, found 0 plugins.
Preloading 0 native plugins for Editor in 0.00 ms.
Unloading 1411 Unused Serialized files (Serialized files now loaded: 0)
System memory in use before: 65.1 MB.
System memory in use after: 65.2 MB.

Unloading 29 unused Assets to reduce memory usage. Loaded Objects now: 1925.
Total: 2.081200 ms (FindLiveObjects: 0.337100 ms CreateObjectMapping: 0.122000 ms MarkObjects: 1.594500 ms  DeleteObjects: 0.025800 ms)

========================================================================
Received Prepare
Registering precompiled user dll's ...
Registered in 0.002840 seconds.
Begin MonoManager ReloadAssembly
Native extension for WindowsStandalone target not found
Refreshing native plugins compatible for Editor in 0.45 ms, found 0 plugins.
Preloading 0 native plugins for Editor in 0.00 ms.
Invoked RoslynAnalysisRunner static constructor.
RoslynAnalysisRunner will not be running.
RoslynAnalysisRunner has terminated.
Mono: successfully reloaded assembly
- Completed reload, in  0.933 seconds
Platform modules already initialized, skipping
Refreshing native plugins compatible for Editor in 0.51 ms, found 0 plugins.
Preloading 0 native plugins for Editor in 0.00 ms.
Unloading 1411 Unused Serialized files (Serialized files now loaded: 0)
System memory in use before: 65.1 MB.
System memory in use after: 65.2 MB.

Unloading 29 unused Assets to reduce memory usage. Loaded Objects now: 1928.
Total: 1.754900 ms (FindLiveObjects: 0.184400 ms CreateObjectMapping: 0.056300 ms MarkObjects: 1.493900 ms  DeleteObjects: 0.019500 ms)

========================================================================
Received Import Request.
  Time since last request: 208.792028 seconds.
  path: Assets/ParticleAttractor/Attractor/Editor/SaveWindowPA.cs
  artifactKey: Guid(e496052bc616d1b49a057c8e91c31e4b) Importer(815301076,1909f56bfc062723c751e8b465ee728b)
Start importing Assets/ParticleAttractor/Attractor/Editor/SaveWindowPA.cs using Guid(e496052bc616d1b49a057c8e91c31e4b) Importer(815301076,1909f56bfc062723c751e8b465ee728b)  -> (artifact id: '5351ea0924be04ac2f31192d52369e72') in 0.003998 seconds
  Import took 0.006305 seconds .

========================================================================
Received Import Request.
  Time since last request: 0.002664 seconds.
  path: Assets/ParticleAttractor/Attractor/Editor/SaveWindowPA.cs
  artifactKey: Guid(e496052bc616d1b49a057c8e91c31e4b) Importer(815301076,1909f56bfc062723c751e8b465ee728b)
Start importing Assets/ParticleAttractor/Attractor/Editor/SaveWindowPA.cs using Guid(e496052bc616d1b49a057c8e91c31e4b) Importer(815301076,1909f56bfc062723c751e8b465ee728b)  -> (artifact id: '5351ea0924be04ac2f31192d52369e72') in 0.002193 seconds
  Import took 0.004670 seconds .

========================================================================
Received Prepare
Registering precompiled user dll's ...
Registered in 0.003960 seconds.
Begin MonoManager ReloadAssembly
Native extension for WindowsStandalone target not found
Refreshing native plugins compatible for Editor in 0.47 ms, found 0 plugins.
Preloading 0 native plugins for Editor in 0.00 ms.
Invoked RoslynAnalysisRunner static constructor.
RoslynAnalysisRunner will not be running.
RoslynAnalysisRunner has terminated.
Mono: successfully reloaded assembly
- Completed reload, in  1.009 seconds
Platform modules already initialized, skipping
Refreshing native plugins compatible for Editor in 0.38 ms, found 0 plugins.
Preloading 0 native plugins for Editor in 0.00 ms.
Unloading 1411 Unused Serialized files (Serialized files now loaded: 0)
System memory in use before: 65.1 MB.
System memory in use after: 65.2 MB.

Unloading 29 unused Assets to reduce memory usage. Loaded Objects now: 1931.
Total: 2.062600 ms (FindLiveObjects: 0.258400 ms CreateObjectMapping: 0.103400 ms MarkObjects: 1.671300 ms  DeleteObjects: 0.027600 ms)

========================================================================
Received Prepare
Registering precompiled user dll's ...
Registered in 0.007201 seconds.
Begin MonoManager ReloadAssembly
Native extension for WindowsStandalone target not found
Refreshing native plugins compatible for Editor in 0.56 ms, found 0 plugins.
Preloading 0 native plugins for Editor in 0.00 ms.
Invoked RoslynAnalysisRunner static constructor.
RoslynAnalysisRunner will not be running.
RoslynAnalysisRunner has terminated.
Mono: successfully reloaded assembly
- Completed reload, in  1.214 seconds
Platform modules already initialized, skipping
Refreshing native plugins compatible for Editor in 0.44 ms, found 0 plugins.
Preloading 0 native plugins for Editor in 0.00 ms.
Unloading 1411 Unused Serialized files (Serialized files now loaded: 0)
System memory in use before: 65.1 MB.
System memory in use after: 65.2 MB.

Unloading 29 unused Assets to reduce memory usage. Loaded Objects now: 1934.
Total: 2.041000 ms (FindLiveObjects: 0.207900 ms CreateObjectMapping: 0.082400 ms MarkObjects: 1.724500 ms  DeleteObjects: 0.024800 ms)

========================================================================
Received Prepare
Registering precompiled user dll's ...
Registered in 0.002954 seconds.
Begin MonoManager ReloadAssembly
Native extension for WindowsStandalone target not found
Refreshing native plugins compatible for Editor in 0.41 ms, found 0 plugins.
Preloading 0 native plugins for Editor in 0.00 ms.
Invoked RoslynAnalysisRunner static constructor.
RoslynAnalysisRunner will not be running.
RoslynAnalysisRunner has terminated.
Mono: successfully reloaded assembly
- Completed reload, in  0.887 seconds
Platform modules already initialized, skipping
Refreshing native plugins compatible for Editor in 0.43 ms, found 0 plugins.
Preloading 0 native plugins for Editor in 0.00 ms.
Unloading 1411 Unused Serialized files (Serialized files now loaded: 0)
System memory in use before: 65.1 MB.
System memory in use after: 65.2 MB.

Unloading 29 unused Assets to reduce memory usage. Loaded Objects now: 1937.
Total: 1.838500 ms (FindLiveObjects: 0.166600 ms CreateObjectMapping: 0.056100 ms MarkObjects: 1.595600 ms  DeleteObjects: 0.018700 ms)

========================================================================
Received Prepare
Registering precompiled user dll's ...
Registered in 0.005285 seconds.
Begin MonoManager ReloadAssembly
Native extension for WindowsStandalone target not found
Refreshing native plugins compatible for Editor in 0.44 ms, found 0 plugins.
Preloading 0 native plugins for Editor in 0.00 ms.
Invoked RoslynAnalysisRunner static constructor.
RoslynAnalysisRunner will not be running.
RoslynAnalysisRunner has terminated.
Mono: successfully reloaded assembly
- Completed reload, in  0.992 seconds
Platform modules already initialized, skipping
Refreshing native plugins compatible for Editor in 0.48 ms, found 0 plugins.
Preloading 0 native plugins for Editor in 0.00 ms.
Unloading 1411 Unused Serialized files (Serialized files now loaded: 0)
System memory in use before: 65.1 MB.
System memory in use after: 65.2 MB.

Unloading 29 unused Assets to reduce memory usage. Loaded Objects now: 1940.
Total: 2.161100 ms (FindLiveObjects: 0.212000 ms CreateObjectMapping: 0.061100 ms MarkObjects: 1.866400 ms  DeleteObjects: 0.020200 ms)

========================================================================
Received Prepare
Registering precompiled user dll's ...
Registered in 0.003237 seconds.
Begin MonoManager ReloadAssembly
Native extension for WindowsStandalone target not found
Refreshing native plugins compatible for Editor in 0.48 ms, found 0 plugins.
Preloading 0 native plugins for Editor in 0.00 ms.
Invoked RoslynAnalysisRunner static constructor.
RoslynAnalysisRunner will not be running.
RoslynAnalysisRunner has terminated.
Mono: successfully reloaded assembly
- Completed reload, in  0.892 seconds
Platform modules already initialized, skipping
Refreshing native plugins compatible for Editor in 0.39 ms, found 0 plugins.
Preloading 0 native plugins for Editor in 0.00 ms.
Unloading 1411 Unused Serialized files (Serialized files now loaded: 0)
System memory in use before: 65.1 MB.
System memory in use after: 65.3 MB.

Unloading 29 unused Assets to reduce memory usage. Loaded Objects now: 1943.
Total: 1.802800 ms (FindLiveObjects: 0.159600 ms CreateObjectMapping: 0.053400 ms MarkObjects: 1.571600 ms  DeleteObjects: 0.017100 ms)

========================================================================
Received Prepare
Registering precompiled user dll's ...
Registered in 0.002999 seconds.
Begin MonoManager ReloadAssembly
Native extension for WindowsStandalone target not found
Refreshing native plugins compatible for Editor in 0.38 ms, found 0 plugins.
Preloading 0 native plugins for Editor in 0.00 ms.
Invoked RoslynAnalysisRunner static constructor.
RoslynAnalysisRunner will not be running.
RoslynAnalysisRunner has terminated.
Mono: successfully reloaded assembly
- Completed reload, in  0.850 seconds
Platform modules already initialized, skipping
Refreshing native plugins compatible for Editor in 0.38 ms, found 0 plugins.
Preloading 0 native plugins for Editor in 0.00 ms.
Unloading 1411 Unused Serialized files (Serialized files now loaded: 0)
System memory in use before: 65.1 MB.
System memory in use after: 65.3 MB.

Unloading 29 unused Assets to reduce memory usage. Loaded Objects now: 1946.
Total: 1.968700 ms (FindLiveObjects: 0.197100 ms CreateObjectMapping: 0.085700 ms MarkObjects: 1.664900 ms  DeleteObjects: 0.019900 ms)

========================================================================
Received Prepare
Registering precompiled user dll's ...
Registered in 0.004037 seconds.
Begin MonoManager ReloadAssembly
Native extension for WindowsStandalone target not found
Refreshing native plugins compatible for Editor in 0.45 ms, found 0 plugins.
Preloading 0 native plugins for Editor in 0.00 ms.
Invoked RoslynAnalysisRunner static constructor.
RoslynAnalysisRunner will not be running.
RoslynAnalysisRunner has terminated.
Mono: successfully reloaded assembly
- Completed reload, in  0.929 seconds
Platform modules already initialized, skipping
Refreshing native plugins compatible for Editor in 0.38 ms, found 0 plugins.
Preloading 0 native plugins for Editor in 0.00 ms.
Unloading 1411 Unused Serialized files (Serialized files now loaded: 0)
System memory in use before: 65.2 MB.
System memory in use after: 65.3 MB.

Unloading 29 unused Assets to reduce memory usage. Loaded Objects now: 1949.
Total: 1.797400 ms (FindLiveObjects: 0.256500 ms CreateObjectMapping: 0.069300 ms MarkObjects: 1.450600 ms  DeleteObjects: 0.018900 ms)

========================================================================
Received Prepare
Registering precompiled user dll's ...
Registered in 0.003949 seconds.
Begin MonoManager ReloadAssembly
Native extension for WindowsStandalone target not found
Refreshing native plugins compatible for Editor in 0.38 ms, found 0 plugins.
Preloading 0 native plugins for Editor in 0.00 ms.
Invoked RoslynAnalysisRunner static constructor.
RoslynAnalysisRunner will not be running.
RoslynAnalysisRunner has terminated.
Mono: successfully reloaded assembly
- Completed reload, in  0.863 seconds
Platform modules already initialized, skipping
Refreshing native plugins compatible for Editor in 0.39 ms, found 0 plugins.
Preloading 0 native plugins for Editor in 0.00 ms.
Unloading 1411 Unused Serialized files (Serialized files now loaded: 0)
System memory in use before: 65.2 MB.
System memory in use after: 65.3 MB.

Unloading 29 unused Assets to reduce memory usage. Loaded Objects now: 1952.
Total: 1.776200 ms (FindLiveObjects: 0.245500 ms CreateObjectMapping: 0.059600 ms MarkObjects: 1.449700 ms  DeleteObjects: 0.019300 ms)

========================================================================
Received Prepare
Registering precompiled user dll's ...
Registered in 0.003721 seconds.
Begin MonoManager ReloadAssembly
Native extension for WindowsStandalone target not found
Refreshing native plugins compatible for Editor in 0.76 ms, found 0 plugins.
Preloading 0 native plugins for Editor in 0.00 ms.
Invoked RoslynAnalysisRunner static constructor.
RoslynAnalysisRunner will not be running.
RoslynAnalysisRunner has terminated.
Mono: successfully reloaded assembly
- Completed reload, in  1.152 seconds
Platform modules already initialized, skipping
Refreshing native plugins compatible for Editor in 0.84 ms, found 0 plugins.
Preloading 0 native plugins for Editor in 0.00 ms.
Unloading 1411 Unused Serialized files (Serialized files now loaded: 0)
System memory in use before: 65.2 MB.
System memory in use after: 65.3 MB.

Unloading 29 unused Assets to reduce memory usage. Loaded Objects now: 1955.
Total: 2.830600 ms (FindLiveObjects: 0.375600 ms CreateObjectMapping: 0.132000 ms MarkObjects: 2.290100 ms  DeleteObjects: 0.030600 ms)

========================================================================
Received Prepare
Registering precompiled user dll's ...
Registered in 0.003203 seconds.
Begin MonoManager ReloadAssembly
Native extension for WindowsStandalone target not found
Refreshing native plugins compatible for Editor in 0.41 ms, found 0 plugins.
Preloading 0 native plugins for Editor in 0.00 ms.
Invoked RoslynAnalysisRunner static constructor.
RoslynAnalysisRunner will not be running.
RoslynAnalysisRunner has terminated.
Mono: successfully reloaded assembly
- Completed reload, in  0.856 seconds
Platform modules already initialized, skipping
Refreshing native plugins compatible for Editor in 0.40 ms, found 0 plugins.
Preloading 0 native plugins for Editor in 0.00 ms.
Unloading 1411 Unused Serialized files (Serialized files now loaded: 0)
System memory in use before: 65.2 MB.
System memory in use after: 65.3 MB.

Unloading 29 unused Assets to reduce memory usage. Loaded Objects now: 1958.
Total: 1.861400 ms (FindLiveObjects: 0.296900 ms CreateObjectMapping: 0.103400 ms MarkObjects: 1.438200 ms  DeleteObjects: 0.021600 ms)

========================================================================
Received Prepare
Registering precompiled user dll's ...
Registered in 0.004482 seconds.
Begin MonoManager ReloadAssembly
Native extension for WindowsStandalone target not found
Refreshing native plugins compatible for Editor in 0.40 ms, found 0 plugins.
Preloading 0 native plugins for Editor in 0.00 ms.
Invoked RoslynAnalysisRunner static constructor.
RoslynAnalysisRunner will not be running.
RoslynAnalysisRunner has terminated.
Mono: successfully reloaded assembly
- Completed reload, in  1.091 seconds
Platform modules already initialized, skipping
Refreshing native plugins compatible for Editor in 0.43 ms, found 0 plugins.
Preloading 0 native plugins for Editor in 0.00 ms.
Unloading 1411 Unused Serialized files (Serialized files now loaded: 0)
System memory in use before: 65.2 MB.
System memory in use after: 65.3 MB.

Unloading 29 unused Assets to reduce memory usage. Loaded Objects now: 1961.
Total: 2.035500 ms (FindLiveObjects: 0.347700 ms CreateObjectMapping: 0.084000 ms MarkObjects: 1.582900 ms  DeleteObjects: 0.018700 ms)

========================================================================
Received Prepare
Registering precompiled user dll's ...
Registered in 0.003992 seconds.
Begin MonoManager ReloadAssembly
Native extension for WindowsStandalone target not found
Refreshing native plugins compatible for Editor in 0.44 ms, found 0 plugins.
Preloading 0 native plugins for Editor in 0.00 ms.
Invoked RoslynAnalysisRunner static constructor.
RoslynAnalysisRunner will not be running.
RoslynAnalysisRunner has terminated.
Mono: successfully reloaded assembly
- Completed reload, in  1.178 seconds
Platform modules already initialized, skipping
Refreshing native plugins compatible for Editor in 0.47 ms, found 0 plugins.
Preloading 0 native plugins for Editor in 0.00 ms.
Unloading 1411 Unused Serialized files (Serialized files now loaded: 0)
System memory in use before: 65.2 MB.
System memory in use after: 65.3 MB.

Unloading 29 unused Assets to reduce memory usage. Loaded Objects now: 1964.
Total: 2.248200 ms (FindLiveObjects: 0.300000 ms CreateObjectMapping: 0.077100 ms MarkObjects: 1.840700 ms  DeleteObjects: 0.028300 ms)

========================================================================
Received Prepare
Registering precompiled user dll's ...
Registered in 0.003610 seconds.
Begin MonoManager ReloadAssembly
Native extension for WindowsStandalone target not found
Refreshing native plugins compatible for Editor in 1.02 ms, found 0 plugins.
Preloading 0 native plugins for Editor in 0.00 ms.
Invoked RoslynAnalysisRunner static constructor.
RoslynAnalysisRunner will not be running.
RoslynAnalysisRunner has terminated.
Mono: successfully reloaded assembly
- Completed reload, in  0.892 seconds
Platform modules already initialized, skipping
Refreshing native plugins compatible for Editor in 0.41 ms, found 0 plugins.
Preloading 0 native plugins for Editor in 0.00 ms.
Unloading 1411 Unused Serialized files (Serialized files now loaded: 0)
System memory in use before: 65.2 MB.
System memory in use after: 65.3 MB.

Unloading 29 unused Assets to reduce memory usage. Loaded Objects now: 1967.
Total: 1.789800 ms (FindLiveObjects: 0.216600 ms CreateObjectMapping: 0.063100 ms MarkObjects: 1.490000 ms  DeleteObjects: 0.018500 ms)

========================================================================
Received Prepare
Registering precompiled user dll's ...
Registered in 0.003075 seconds.
Begin MonoManager ReloadAssembly
Native extension for WindowsStandalone target not found
Refreshing native plugins compatible for Editor in 0.49 ms, found 0 plugins.
Preloading 0 native plugins for Editor in 0.00 ms.
Invoked RoslynAnalysisRunner static constructor.
RoslynAnalysisRunner will not be running.
RoslynAnalysisRunner has terminated.
Mono: successfully reloaded assembly
- Completed reload, in  0.951 seconds
Platform modules already initialized, skipping
Refreshing native plugins compatible for Editor in 0.40 ms, found 0 plugins.
Preloading 0 native plugins for Editor in 0.00 ms.
Unloading 1411 Unused Serialized files (Serialized files now loaded: 0)
System memory in use before: 65.2 MB.
System memory in use after: 65.3 MB.

Unloading 29 unused Assets to reduce memory usage. Loaded Objects now: 1970.
Total: 1.777700 ms (FindLiveObjects: 0.150500 ms CreateObjectMapping: 0.053000 ms MarkObjects: 1.554500 ms  DeleteObjects: 0.018600 ms)

========================================================================
Received Prepare
Registering precompiled user dll's ...
Registered in 0.003170 seconds.
Begin MonoManager ReloadAssembly
Native extension for WindowsStandalone target not found
Refreshing native plugins compatible for Editor in 0.48 ms, found 0 plugins.
Preloading 0 native plugins for Editor in 0.00 ms.
Invoked RoslynAnalysisRunner static constructor.
RoslynAnalysisRunner will not be running.
RoslynAnalysisRunner has terminated.
Mono: successfully reloaded assembly
- Completed reload, in  0.874 seconds
Platform modules already initialized, skipping
Refreshing native plugins compatible for Editor in 0.38 ms, found 0 plugins.
Preloading 0 native plugins for Editor in 0.00 ms.
Unloading 1411 Unused Serialized files (Serialized files now loaded: 0)
System memory in use before: 65.2 MB.
System memory in use after: 65.3 MB.

Unloading 29 unused Assets to reduce memory usage. Loaded Objects now: 1973.
Total: 2.030500 ms (FindLiveObjects: 0.318900 ms CreateObjectMapping: 0.121700 ms MarkObjects: 1.565600 ms  DeleteObjects: 0.023200 ms)

========================================================================
Received Prepare
Registering precompiled user dll's ...
Registered in 0.005937 seconds.
Begin MonoManager ReloadAssembly
Native extension for WindowsStandalone target not found
Refreshing native plugins compatible for Editor in 0.60 ms, found 0 plugins.
Preloading 0 native plugins for Editor in 0.00 ms.
Invoked RoslynAnalysisRunner static constructor.
RoslynAnalysisRunner will not be running.
RoslynAnalysisRunner has terminated.
Mono: successfully reloaded assembly
- Completed reload, in  1.318 seconds
Platform modules already initialized, skipping
Refreshing native plugins compatible for Editor in 0.54 ms, found 0 plugins.
Preloading 0 native plugins for Editor in 0.00 ms.
Unloading 1411 Unused Serialized files (Serialized files now loaded: 0)
System memory in use before: 65.2 MB.
System memory in use after: 65.3 MB.

Unloading 29 unused Assets to reduce memory usage. Loaded Objects now: 1976.
Total: 2.570400 ms (FindLiveObjects: 0.207700 ms CreateObjectMapping: 0.069800 ms MarkObjects: 2.254100 ms  DeleteObjects: 0.036100 ms)

========================================================================
Received Prepare
Registering precompiled user dll's ...
Registered in 0.004476 seconds.
Begin MonoManager ReloadAssembly
Native extension for WindowsStandalone target not found
Refreshing native plugins compatible for Editor in 0.42 ms, found 0 plugins.
Preloading 0 native plugins for Editor in 0.00 ms.
Invoked RoslynAnalysisRunner static constructor.
RoslynAnalysisRunner will not be running.
RoslynAnalysisRunner has terminated.
Mono: successfully reloaded assembly
- Completed reload, in  0.858 seconds
Platform modules already initialized, skipping
Refreshing native plugins compatible for Editor in 0.46 ms, found 0 plugins.
Preloading 0 native plugins for Editor in 0.00 ms.
Unloading 1411 Unused Serialized files (Serialized files now loaded: 0)
System memory in use before: 65.2 MB.
System memory in use after: 65.3 MB.

Unloading 29 unused Assets to reduce memory usage. Loaded Objects now: 1979.
Total: 1.849200 ms (FindLiveObjects: 0.204600 ms CreateObjectMapping: 0.063600 ms MarkObjects: 1.555300 ms  DeleteObjects: 0.024300 ms)

========================================================================
Received Prepare
Registering precompiled user dll's ...
Registered in 0.004442 seconds.
Begin MonoManager ReloadAssembly
Native extension for WindowsStandalone target not found
Refreshing native plugins compatible for Editor in 0.47 ms, found 0 plugins.
Preloading 0 native plugins for Editor in 0.00 ms.
Invoked RoslynAnalysisRunner static constructor.
RoslynAnalysisRunner will not be running.
RoslynAnalysisRunner has terminated.
Mono: successfully reloaded assembly
- Completed reload, in  0.929 seconds
Platform modules already initialized, skipping
Refreshing native plugins compatible for Editor in 0.46 ms, found 0 plugins.
Preloading 0 native plugins for Editor in 0.00 ms.
Unloading 1411 Unused Serialized files (Serialized files now loaded: 0)
System memory in use before: 65.2 MB.
System memory in use after: 65.3 MB.

Unloading 29 unused Assets to reduce memory usage. Loaded Objects now: 1982.
Total: 2.485700 ms (FindLiveObjects: 0.319800 ms CreateObjectMapping: 0.099500 ms MarkObjects: 2.035000 ms  DeleteObjects: 0.029700 ms)

========================================================================
Received Prepare
Registering precompiled user dll's ...
Registered in 0.003383 seconds.
Begin MonoManager ReloadAssembly
Native extension for WindowsStandalone target not found
Refreshing native plugins compatible for Editor in 0.61 ms, found 0 plugins.
Preloading 0 native plugins for Editor in 0.00 ms.
Invoked RoslynAnalysisRunner static constructor.
RoslynAnalysisRunner will not be running.
RoslynAnalysisRunner has terminated.
Mono: successfully reloaded assembly
- Completed reload, in  1.250 seconds
Platform modules already initialized, skipping
Refreshing native plugins compatible for Editor in 0.44 ms, found 0 plugins.
Preloading 0 native plugins for Editor in 0.00 ms.
Unloading 1411 Unused Serialized files (Serialized files now loaded: 0)
System memory in use before: 65.2 MB.
System memory in use after: 65.3 MB.

Unloading 29 unused Assets to reduce memory usage. Loaded Objects now: 1985.
Total: 2.276500 ms (FindLiveObjects: 0.143600 ms CreateObjectMapping: 0.038800 ms MarkObjects: 2.070500 ms  DeleteObjects: 0.022000 ms)

========================================================================
Received Prepare
Registering precompiled user dll's ...
Registered in 0.004270 seconds.
Begin MonoManager ReloadAssembly
Native extension for WindowsStandalone target not found
Refreshing native plugins compatible for Editor in 0.56 ms, found 0 plugins.
Preloading 0 native plugins for Editor in 0.00 ms.
Invoked RoslynAnalysisRunner static constructor.
RoslynAnalysisRunner will not be running.
RoslynAnalysisRunner has terminated.
Mono: successfully reloaded assembly
- Completed reload, in  1.233 seconds
Platform modules already initialized, skipping
Refreshing native plugins compatible for Editor in 0.43 ms, found 0 plugins.
Preloading 0 native plugins for Editor in 0.00 ms.
Unloading 1411 Unused Serialized files (Serialized files now loaded: 0)
System memory in use before: 65.2 MB.
System memory in use after: 65.3 MB.

Unloading 29 unused Assets to reduce memory usage. Loaded Objects now: 1988.
Total: 1.903600 ms (FindLiveObjects: 0.192100 ms CreateObjectMapping: 0.074200 ms MarkObjects: 1.613300 ms  DeleteObjects: 0.021700 ms)

========================================================================
Received Prepare
Registering precompiled user dll's ...
Registered in 0.004466 seconds.
Begin MonoManager ReloadAssembly
Native extension for WindowsStandalone target not found
Refreshing native plugins compatible for Editor in 1.23 ms, found 0 plugins.
Preloading 0 native plugins for Editor in 0.00 ms.
Invoked RoslynAnalysisRunner static constructor.
RoslynAnalysisRunner will not be running.
RoslynAnalysisRunner has terminated.
Mono: successfully reloaded assembly
- Completed reload, in  0.925 seconds
Platform modules already initialized, skipping
Refreshing native plugins compatible for Editor in 0.39 ms, found 0 plugins.
Preloading 0 native plugins for Editor in 0.00 ms.
Unloading 1411 Unused Serialized files (Serialized files now loaded: 0)
System memory in use before: 65.2 MB.
System memory in use after: 65.3 MB.

Unloading 29 unused Assets to reduce memory usage. Loaded Objects now: 1991.
Total: 2.021200 ms (FindLiveObjects: 0.199400 ms CreateObjectMapping: 0.066200 ms MarkObjects: 1.726000 ms  DeleteObjects: 0.028500 ms)

========================================================================
Received Prepare
Registering precompiled user dll's ...
Registered in 0.003332 seconds.
Begin MonoManager ReloadAssembly
Native extension for WindowsStandalone target not found
Refreshing native plugins compatible for Editor in 0.43 ms, found 0 plugins.
Preloading 0 native plugins for Editor in 0.00 ms.
Invoked RoslynAnalysisRunner static constructor.
RoslynAnalysisRunner will not be running.
RoslynAnalysisRunner has terminated.
Mono: successfully reloaded assembly
- Completed reload, in  0.899 seconds
Platform modules already initialized, skipping
Refreshing native plugins compatible for Editor in 0.38 ms, found 0 plugins.
Preloading 0 native plugins for Editor in 0.00 ms.
Unloading 1411 Unused Serialized files (Serialized files now loaded: 0)
System memory in use before: 65.2 MB.
System memory in use after: 65.4 MB.

Unloading 29 unused Assets to reduce memory usage. Loaded Objects now: 1994.
Total: 1.857100 ms (FindLiveObjects: 0.226800 ms CreateObjectMapping: 0.089300 ms MarkObjects: 1.520000 ms  DeleteObjects: 0.019700 ms)

========================================================================
Received Prepare
Registering precompiled user dll's ...
Registered in 0.004123 seconds.
Begin MonoManager ReloadAssembly
Native extension for WindowsStandalone target not found
Refreshing native plugins compatible for Editor in 0.54 ms, found 0 plugins.
Preloading 0 native plugins for Editor in 0.00 ms.
Invoked RoslynAnalysisRunner static constructor.
RoslynAnalysisRunner will not be running.
RoslynAnalysisRunner has terminated.
Mono: successfully reloaded assembly
- Completed reload, in  0.971 seconds
Platform modules already initialized, skipping
Refreshing native plugins compatible for Editor in 0.52 ms, found 0 plugins.
Preloading 0 native plugins for Editor in 0.00 ms.
Unloading 1411 Unused Serialized files (Serialized files now loaded: 0)
System memory in use before: 65.3 MB.
System memory in use after: 65.4 MB.

Unloading 29 unused Assets to reduce memory usage. Loaded Objects now: 1997.
Total: 2.258600 ms (FindLiveObjects: 0.203600 ms CreateObjectMapping: 0.066400 ms MarkObjects: 1.953800 ms  DeleteObjects: 0.033400 ms)

========================================================================
Received Prepare
Registering precompiled user dll's ...
Registered in 0.006782 seconds.
Begin MonoManager ReloadAssembly
Native extension for WindowsStandalone target not found
Refreshing native plugins compatible for Editor in 0.42 ms, found 0 plugins.
Preloading 0 native plugins for Editor in 0.00 ms.
Invoked RoslynAnalysisRunner static constructor.
RoslynAnalysisRunner will not be running.
RoslynAnalysisRunner has terminated.
Mono: successfully reloaded assembly
- Completed reload, in  1.392 seconds
Platform modules already initialized, skipping
Refreshing native plugins compatible for Editor in 0.47 ms, found 0 plugins.
Preloading 0 native plugins for Editor in 0.00 ms.
Unloading 1411 Unused Serialized files (Serialized files now loaded: 0)
System memory in use before: 65.3 MB.
System memory in use after: 65.4 MB.

Unloading 29 unused Assets to reduce memory usage. Loaded Objects now: 2000.
Total: 2.474900 ms (FindLiveObjects: 0.295000 ms CreateObjectMapping: 0.107400 ms MarkObjects: 2.037800 ms  DeleteObjects: 0.032700 ms)

========================================================================
Received Prepare
Registering precompiled user dll's ...
Registered in 0.003429 seconds.
Begin MonoManager ReloadAssembly
Native extension for WindowsStandalone target not found
Refreshing native plugins compatible for Editor in 0.48 ms, found 0 plugins.
Preloading 0 native plugins for Editor in 0.00 ms.
Invoked RoslynAnalysisRunner static constructor.
RoslynAnalysisRunner will not be running.
RoslynAnalysisRunner has terminated.
Mono: successfully reloaded assembly
- Completed reload, in  1.027 seconds
Platform modules already initialized, skipping
Refreshing native plugins compatible for Editor in 0.47 ms, found 0 plugins.
Preloading 0 native plugins for Editor in 0.00 ms.
Unloading 1411 Unused Serialized files (Serialized files now loaded: 0)
System memory in use before: 65.3 MB.
System memory in use after: 65.4 MB.

Unloading 29 unused Assets to reduce memory usage. Loaded Objects now: 2003.
Total: 2.107500 ms (FindLiveObjects: 0.300100 ms CreateObjectMapping: 0.095900 ms MarkObjects: 1.690000 ms  DeleteObjects: 0.019500 ms)

========================================================================
Received Prepare
Registering precompiled user dll's ...
Registered in 0.003573 seconds.
Begin MonoManager ReloadAssembly
Native extension for WindowsStandalone target not found
Refreshing native plugins compatible for Editor in 0.47 ms, found 0 plugins.
Preloading 0 native plugins for Editor in 0.00 ms.
Invoked RoslynAnalysisRunner static constructor.
RoslynAnalysisRunner will not be running.
RoslynAnalysisRunner has terminated.
Mono: successfully reloaded assembly
- Completed reload, in  0.934 seconds
Platform modules already initialized, skipping
Refreshing native plugins compatible for Editor in 0.41 ms, found 0 plugins.
Preloading 0 native plugins for Editor in 0.00 ms.
Unloading 1411 Unused Serialized files (Serialized files now loaded: 0)
System memory in use before: 65.3 MB.
System memory in use after: 65.4 MB.

Unloading 29 unused Assets to reduce memory usage. Loaded Objects now: 2006.
Total: 2.087900 ms (FindLiveObjects: 0.266700 ms CreateObjectMapping: 0.100800 ms MarkObjects: 1.692400 ms  DeleteObjects: 0.026500 ms)

========================================================================
Received Import Request.
  Time since last request: 1883.106762 seconds.
  path: Assets/Scenes
  artifactKey: Guid(08ec5530bd5c80e49b9d794e27fbf60d) Importer(815301076,1909f56bfc062723c751e8b465ee728b)
Start importing Assets/Scenes using Guid(08ec5530bd5c80e49b9d794e27fbf60d) Importer(815301076,1909f56bfc062723c751e8b465ee728b)  -> (artifact id: '113b2a8c65dc8150f63de345ec51da10') in 0.009209 seconds
  Import took 0.011630 seconds .

========================================================================
Received Import Request.
  Time since last request: 0.000635 seconds.
  path: Assets/Scenes
  artifactKey: Guid(08ec5530bd5c80e49b9d794e27fbf60d) Importer(815301076,1909f56bfc062723c751e8b465ee728b)
Start importing Assets/Scenes using Guid(08ec5530bd5c80e49b9d794e27fbf60d) Importer(815301076,1909f56bfc062723c751e8b465ee728b)  -> (artifact id: '113b2a8c65dc8150f63de345ec51da10') in 0.002832 seconds
  Import took 0.005091 seconds .

========================================================================
Received Prepare
Registering precompiled user dll's ...
Registered in 0.005805 seconds.
Begin MonoManager ReloadAssembly
Native extension for WindowsStandalone target not found
Refreshing native plugins compatible for Editor in 0.45 ms, found 0 plugins.
Preloading 0 native plugins for Editor in 0.00 ms.
Invoked RoslynAnalysisRunner static constructor.
RoslynAnalysisRunner will not be running.
RoslynAnalysisRunner has terminated.
Mono: successfully reloaded assembly
- Completed reload, in  0.959 seconds
Platform modules already initialized, skipping
Refreshing native plugins compatible for Editor in 0.39 ms, found 0 plugins.
Preloading 0 native plugins for Editor in 0.00 ms.
Unloading 1411 Unused Serialized files (Serialized files now loaded: 0)
System memory in use before: 65.3 MB.
System memory in use after: 65.4 MB.

Unloading 29 unused Assets to reduce memory usage. Loaded Objects now: 2009.
Total: 1.926400 ms (FindLiveObjects: 0.155300 ms CreateObjectMapping: 0.058800 ms MarkObjects: 1.692900 ms  DeleteObjects: 0.018100 ms)

========================================================================
Received Prepare
Registering precompiled user dll's ...
Registered in 0.003307 seconds.
Begin MonoManager ReloadAssembly
Native extension for WindowsStandalone target not found
Refreshing native plugins compatible for Editor in 0.54 ms, found 0 plugins.
Preloading 0 native plugins for Editor in 0.00 ms.
Invoked RoslynAnalysisRunner static constructor.
RoslynAnalysisRunner will not be running.
RoslynAnalysisRunner has terminated.
Mono: successfully reloaded assembly
- Completed reload, in  0.870 seconds
Platform modules already initialized, skipping
Refreshing native plugins compatible for Editor in 0.41 ms, found 0 plugins.
Preloading 0 native plugins for Editor in 0.00 ms.
Unloading 1411 Unused Serialized files (Serialized files now loaded: 0)
System memory in use before: 65.3 MB.
System memory in use after: 65.4 MB.

Unloading 29 unused Assets to reduce memory usage. Loaded Objects now: 2012.
Total: 5.754000 ms (FindLiveObjects: 0.972200 ms CreateObjectMapping: 0.148600 ms MarkObjects: 4.573000 ms  DeleteObjects: 0.055700 ms)

========================================================================
Received Prepare
Registering precompiled user dll's ...
Registered in 0.003524 seconds.
Begin MonoManager ReloadAssembly
Native extension for WindowsStandalone target not found
Refreshing native plugins compatible for Editor in 0.48 ms, found 0 plugins.
Preloading 0 native plugins for Editor in 0.00 ms.
Invoked RoslynAnalysisRunner static constructor.
RoslynAnalysisRunner will not be running.
RoslynAnalysisRunner has terminated.
Mono: successfully reloaded assembly
- Completed reload, in  0.901 seconds
Platform modules already initialized, skipping
Refreshing native plugins compatible for Editor in 0.40 ms, found 0 plugins.
Preloading 0 native plugins for Editor in 0.00 ms.
Unloading 1411 Unused Serialized files (Serialized files now loaded: 0)
System memory in use before: 65.3 MB.
System memory in use after: 65.4 MB.

Unloading 29 unused Assets to reduce memory usage. Loaded Objects now: 2015.
Total: 1.872300 ms (FindLiveObjects: 0.159400 ms CreateObjectMapping: 0.042800 ms MarkObjects: 1.651400 ms  DeleteObjects: 0.017800 ms)

