Using pre-set license
Built from '2020.3/release' branch; Version is '2020.3.2f1 (8fd9074bf66c) revision 9427207'; Using compiler version '192528614'; Build Type 'Release'
OS: 'Windows 10 Home; OS build 19042.1237; Version 2009; 64bit' Language: 'en' Physical Memory: 16227 MB
BatchMode: 1, IsHumanControllingUs: 0, StartBugReporterOnCrash: 0, Is64bit: 1, IsPro: 0

 COMMAND LINE ARGUMENTS:
C:\Program Files\Unity\Hub\Editor\2020.3.2f1\Editor\Unity.exe
-adb2
-batchMode
-noUpm
-name
AssetImportWorker0
-projectPath
D:/Unity_Plugins/Unity_ParticleAttractor_Plugin_Source
-logFile
Logs/AssetImportWorker0.log
-srvPort
55344
Successfully changed project path to: D:/Unity_Plugins/Unity_ParticleAttractor_Plugin_Source
D:/Unity_Plugins/Unity_ParticleAttractor_Plugin_Source
Using Asset Import Pipeline V2.
Refreshing native plugins compatible for Editor in 41.17 ms, found 0 plugins.
Preloading 0 native plugins for Editor in 0.00 ms.
Initialize engine version: 2020.3.2f1 (8fd9074bf66c)
[Subsystems] Discovering subsystems at path C:/Program Files/Unity/Hub/Editor/2020.3.2f1/Editor/Data/Resources/UnitySubsystems
[Subsystems] Discovering subsystems at path D:/Unity_Plugins/Unity_ParticleAttractor_Plugin_Source/Assets
GfxDevice: creating device client; threaded=0
Direct3D:
    Version:  Direct3D 11.0 [level 11.1]
    Renderer: NVIDIA GeForce GTX 1060 (ID=0x1c20)
    Vendor:   
    VRAM:     6052 MB
    Driver:   26.21.14.4274
Initialize mono
Mono path[0] = 'C:/Program Files/Unity/Hub/Editor/2020.3.2f1/Editor/Data/Managed'
Mono path[1] = 'C:/Program Files/Unity/Hub/Editor/2020.3.2f1/Editor/Data/MonoBleedingEdge/lib/mono/unityjit'
Mono config path = 'C:/Program Files/Unity/Hub/Editor/2020.3.2f1/Editor/Data/MonoBleedingEdge/etc'
Using monoOptions --debugger-agent=transport=dt_socket,embedding=1,server=y,suspend=n,address=127.0.0.1:56308
Begin MonoManager ReloadAssembly
Registering precompiled unity dll's ...
Register platform support module: C:/Program Files/Unity/Hub/Editor/2020.3.2f1/Editor/Data/PlaybackEngines/WindowsStandaloneSupport/UnityEditor.WindowsStandalone.Extensions.dll
Registered in 0.002889 seconds.
Native extension for WindowsStandalone target not found
Refreshing native plugins compatible for Editor in 42.89 ms, found 0 plugins.
Preloading 0 native plugins for Editor in 0.00 ms.
Invoked RoslynAnalysisRunner static constructor.
RoslynAnalysisRunner will not be running.
RoslynAnalysisRunner has terminated.
Mono: successfully reloaded assembly
- Completed reload, in  3.120 seconds
Platform modules already initialized, skipping
Registering precompiled user dll's ...
Registered in 0.004978 seconds.
Begin MonoManager ReloadAssembly
Native extension for WindowsStandalone target not found
Refreshing native plugins compatible for Editor in 0.82 ms, found 0 plugins.
Preloading 0 native plugins for Editor in 0.00 ms.
Invoked RoslynAnalysisRunner static constructor.
RoslynAnalysisRunner will not be running.
RoslynAnalysisRunner has terminated.
Mono: successfully reloaded assembly
- Completed reload, in  1.739 seconds
Platform modules already initialized, skipping
========================================================================
Worker process is ready to serve import requests
Launched and connected shader compiler UnityShaderCompiler.exe after 0.07 seconds
Refreshing native plugins compatible for Editor in 0.76 ms, found 0 plugins.
Preloading 0 native plugins for Editor in 0.00 ms.
Unloading 1411 Unused Serialized files (Serialized files now loaded: 0)
System memory in use before: 64.9 MB.
System memory in use after: 65.0 MB.

Unloading 35 unused Assets to reduce memory usage. Loaded Objects now: 1844.
Total: 3.391400 ms (FindLiveObjects: 0.258300 ms CreateObjectMapping: 0.105300 ms MarkObjects: 2.917100 ms  DeleteObjects: 0.108900 ms)

========================================================================
Received Import Request.
  path: Assets/ParticleAttractor/Sprites
  artifactKey: Guid(8983612c384032744b93c61bd7be63c8) Importer(815301076,1909f56bfc062723c751e8b465ee728b)
Start importing Assets/ParticleAttractor/Sprites using Guid(8983612c384032744b93c61bd7be63c8) Importer(815301076,1909f56bfc062723c751e8b465ee728b)  -> (artifact id: '48e5908a5d55c9fc5b366a4617a87641') in 0.014137 seconds
  Import took 0.018680 seconds .

========================================================================
Received Import Request.
  Time since last request: 0.000302 seconds.
  path: Assets/ParticleAttractor/Scripts
  artifactKey: Guid(37559d8053ee99e448c9a53efdc6ecd3) Importer(815301076,1909f56bfc062723c751e8b465ee728b)
Start importing Assets/ParticleAttractor/Scripts using Guid(37559d8053ee99e448c9a53efdc6ecd3) Importer(815301076,1909f56bfc062723c751e8b465ee728b)  -> (artifact id: '1693b27818e84d59c26d2eb5bce7e4fa') in 0.013798 seconds
  Import took 0.018713 seconds .

========================================================================
Received Import Request.
  Time since last request: 3.364458 seconds.
  path: Assets/ParticleAttractor/Demigiant
  artifactKey: Guid(27d8a704df6b94f46b184ae24c0fe427) Importer(815301076,1909f56bfc062723c751e8b465ee728b)
Start importing Assets/ParticleAttractor/Demigiant using Guid(27d8a704df6b94f46b184ae24c0fe427) Importer(815301076,1909f56bfc062723c751e8b465ee728b)  -> (artifact id: '655b812aa021875323e77372a2dbba67') in 0.013439 seconds
  Import took 0.018138 seconds .

========================================================================
Received Import Request.
  Time since last request: 1.621859 seconds.
  path: Assets/ParticleAttractor/Resources
  artifactKey: Guid(567df0b999d476a4689dff5c1f55b233) Importer(815301076,1909f56bfc062723c751e8b465ee728b)
Start importing Assets/ParticleAttractor/Resources using Guid(567df0b999d476a4689dff5c1f55b233) Importer(815301076,1909f56bfc062723c751e8b465ee728b)  -> (artifact id: 'de3ff706597f6b985d6204a9237c0252') in 0.010289 seconds
  Import took 0.013362 seconds .

========================================================================
Received Import Request.
  Time since last request: 1.649128 seconds.
  path: Assets/ParticleAttractor/Attractor
  artifactKey: Guid(e2d38786288ba004ea8b7eac7aebf33f) Importer(815301076,1909f56bfc062723c751e8b465ee728b)
Start importing Assets/ParticleAttractor/Attractor using Guid(e2d38786288ba004ea8b7eac7aebf33f) Importer(815301076,1909f56bfc062723c751e8b465ee728b)  -> (artifact id: '51427a586b54b39dac45b5e9d4801a35') in 0.008614 seconds
  Import took 0.013429 seconds .

========================================================================
Received Import Request.
  Time since last request: 2.164236 seconds.
  path: Assets/ParticleAttractor/Attractor/Editor
  artifactKey: Guid(659ff3737e4266a4aa75d6d41ed7fc21) Importer(815301076,1909f56bfc062723c751e8b465ee728b)
Start importing Assets/ParticleAttractor/Attractor/Editor using Guid(659ff3737e4266a4aa75d6d41ed7fc21) Importer(815301076,1909f56bfc062723c751e8b465ee728b)  -> (artifact id: '735b6589f1198f0b2248f2cbf0e0418a') in 0.006890 seconds
  Import took 0.010394 seconds .

========================================================================
Received Import Request.
  Time since last request: 3.465491 seconds.
  path: Assets/ParticleAttractor/Attractor/ParticleAttractor.cs
  artifactKey: Guid(613aac0907f98a84686b5d4339b64b16) Importer(815301076,1909f56bfc062723c751e8b465ee728b)
Start importing Assets/ParticleAttractor/Attractor/ParticleAttractor.cs using Guid(613aac0907f98a84686b5d4339b64b16) Importer(815301076,1909f56bfc062723c751e8b465ee728b)  -> (artifact id: '8e6f0ea432744d7fe77b1b73526d1aa0') in 0.025982 seconds
  Import took 0.027980 seconds .

========================================================================
Received Prepare
Refreshing native plugins compatible for Editor in 104.63 ms, found 0 plugins.
Preloading 0 native plugins for Editor in 0.00 ms.
Unloading 24 Unused Serialized files (Serialized files now loaded: 0)
System memory in use before: 37.2 MB.
System memory in use after: 37.3 MB.

Unloading 24 unused Assets to reduce memory usage. Loaded Objects now: 1844.
Total: 1.824200 ms (FindLiveObjects: 0.165800 ms CreateObjectMapping: 0.044800 ms MarkObjects: 1.596300 ms  DeleteObjects: 0.016200 ms)

========================================================================
Received Prepare
Registering precompiled user dll's ...
Registered in 0.001925 seconds.
Begin MonoManager ReloadAssembly
Native extension for WindowsStandalone target not found
Refreshing native plugins compatible for Editor in 0.40 ms, found 0 plugins.
Preloading 0 native plugins for Editor in 0.00 ms.
Invoked RoslynAnalysisRunner static constructor.
RoslynAnalysisRunner will not be running.
RoslynAnalysisRunner has terminated.
Mono: successfully reloaded assembly
- Completed reload, in  0.859 seconds
Platform modules already initialized, skipping
Refreshing native plugins compatible for Editor in 0.48 ms, found 0 plugins.
Preloading 0 native plugins for Editor in 0.00 ms.
Unloading 1405 Unused Serialized files (Serialized files now loaded: 0)
System memory in use before: 64.7 MB.
System memory in use after: 64.8 MB.

Unloading 26 unused Assets to reduce memory usage. Loaded Objects now: 1847.
Total: 1.999200 ms (FindLiveObjects: 0.172300 ms CreateObjectMapping: 0.063000 ms MarkObjects: 1.734000 ms  DeleteObjects: 0.028300 ms)

========================================================================
Received Prepare
Registering precompiled user dll's ...
Registered in 0.002788 seconds.
Begin MonoManager ReloadAssembly
Native extension for WindowsStandalone target not found
Refreshing native plugins compatible for Editor in 0.36 ms, found 0 plugins.
Preloading 0 native plugins for Editor in 0.00 ms.
Invoked RoslynAnalysisRunner static constructor.
RoslynAnalysisRunner will not be running.
RoslynAnalysisRunner has terminated.
Mono: successfully reloaded assembly
- Completed reload, in  0.721 seconds
Platform modules already initialized, skipping
Refreshing native plugins compatible for Editor in 0.37 ms, found 0 plugins.
Preloading 0 native plugins for Editor in 0.00 ms.
Unloading 1405 Unused Serialized files (Serialized files now loaded: 0)
System memory in use before: 64.8 MB.
System memory in use after: 64.9 MB.

Unloading 26 unused Assets to reduce memory usage. Loaded Objects now: 1850.
Total: 2.356300 ms (FindLiveObjects: 0.211400 ms CreateObjectMapping: 0.079200 ms MarkObjects: 2.039900 ms  DeleteObjects: 0.024400 ms)

========================================================================
Received Prepare
Registering precompiled user dll's ...
Registered in 0.002178 seconds.
Begin MonoManager ReloadAssembly
Native extension for WindowsStandalone target not found
Refreshing native plugins compatible for Editor in 0.44 ms, found 0 plugins.
Preloading 0 native plugins for Editor in 0.00 ms.
Invoked RoslynAnalysisRunner static constructor.
RoslynAnalysisRunner will not be running.
RoslynAnalysisRunner has terminated.
Mono: successfully reloaded assembly
- Completed reload, in  0.875 seconds
Platform modules already initialized, skipping
Refreshing native plugins compatible for Editor in 0.39 ms, found 0 plugins.
Preloading 0 native plugins for Editor in 0.00 ms.
Unloading 1405 Unused Serialized files (Serialized files now loaded: 0)
System memory in use before: 64.8 MB.
System memory in use after: 64.9 MB.

Unloading 26 unused Assets to reduce memory usage. Loaded Objects now: 1853.
Total: 2.700700 ms (FindLiveObjects: 0.218200 ms CreateObjectMapping: 0.085600 ms MarkObjects: 2.352700 ms  DeleteObjects: 0.041900 ms)

========================================================================
Received Prepare
Registering precompiled user dll's ...
Registered in 0.002167 seconds.
Begin MonoManager ReloadAssembly
Native extension for WindowsStandalone target not found
Refreshing native plugins compatible for Editor in 0.37 ms, found 0 plugins.
Preloading 0 native plugins for Editor in 0.00 ms.
Invoked RoslynAnalysisRunner static constructor.
RoslynAnalysisRunner will not be running.
RoslynAnalysisRunner has terminated.
Mono: successfully reloaded assembly
- Completed reload, in  0.829 seconds
Platform modules already initialized, skipping
Refreshing native plugins compatible for Editor in 0.38 ms, found 0 plugins.
Preloading 0 native plugins for Editor in 0.00 ms.
Unloading 1405 Unused Serialized files (Serialized files now loaded: 0)
System memory in use before: 64.8 MB.
System memory in use after: 64.9 MB.

Unloading 26 unused Assets to reduce memory usage. Loaded Objects now: 1856.
Total: 2.929800 ms (FindLiveObjects: 0.230900 ms CreateObjectMapping: 0.101600 ms MarkObjects: 2.563100 ms  DeleteObjects: 0.032400 ms)

========================================================================
Received Prepare
Registering precompiled user dll's ...
Registered in 0.002083 seconds.
Begin MonoManager ReloadAssembly
Native extension for WindowsStandalone target not found
Refreshing native plugins compatible for Editor in 0.40 ms, found 0 plugins.
Preloading 0 native plugins for Editor in 0.00 ms.
Invoked RoslynAnalysisRunner static constructor.
RoslynAnalysisRunner will not be running.
RoslynAnalysisRunner has terminated.
Mono: successfully reloaded assembly
- Completed reload, in  1.111 seconds
Platform modules already initialized, skipping
Refreshing native plugins compatible for Editor in 0.56 ms, found 0 plugins.
Preloading 0 native plugins for Editor in 0.00 ms.
Unloading 1406 Unused Serialized files (Serialized files now loaded: 0)
System memory in use before: 64.8 MB.
System memory in use after: 64.9 MB.

Unloading 26 unused Assets to reduce memory usage. Loaded Objects now: 1860.
Total: 3.953900 ms (FindLiveObjects: 0.336400 ms CreateObjectMapping: 0.098000 ms MarkObjects: 2.382700 ms  DeleteObjects: 1.132200 ms)

========================================================================
Received Prepare
Registering precompiled user dll's ...
Registered in 0.002047 seconds.
Begin MonoManager ReloadAssembly
Native extension for WindowsStandalone target not found
Refreshing native plugins compatible for Editor in 0.41 ms, found 0 plugins.
Preloading 0 native plugins for Editor in 0.00 ms.
Invoked RoslynAnalysisRunner static constructor.
RoslynAnalysisRunner will not be running.
RoslynAnalysisRunner has terminated.
Mono: successfully reloaded assembly
- Completed reload, in  0.841 seconds
Platform modules already initialized, skipping
Refreshing native plugins compatible for Editor in 0.39 ms, found 0 plugins.
Preloading 0 native plugins for Editor in 0.00 ms.
Unloading 1406 Unused Serialized files (Serialized files now loaded: 0)
System memory in use before: 64.8 MB.
System memory in use after: 64.9 MB.

Unloading 26 unused Assets to reduce memory usage. Loaded Objects now: 1863.
Total: 1.642800 ms (FindLiveObjects: 0.141000 ms CreateObjectMapping: 0.046300 ms MarkObjects: 1.437900 ms  DeleteObjects: 0.016800 ms)

========================================================================
Received Prepare
Registering precompiled user dll's ...
Registered in 0.003476 seconds.
Begin MonoManager ReloadAssembly
Native extension for WindowsStandalone target not found
Refreshing native plugins compatible for Editor in 0.46 ms, found 0 plugins.
Preloading 0 native plugins for Editor in 0.00 ms.
Invoked RoslynAnalysisRunner static constructor.
RoslynAnalysisRunner will not be running.
RoslynAnalysisRunner has terminated.
Mono: successfully reloaded assembly
- Completed reload, in  0.840 seconds
Platform modules already initialized, skipping
Refreshing native plugins compatible for Editor in 0.38 ms, found 0 plugins.
Preloading 0 native plugins for Editor in 0.00 ms.
Unloading 1409 Unused Serialized files (Serialized files now loaded: 0)
System memory in use before: 65.0 MB.
System memory in use after: 65.1 MB.

Unloading 29 unused Assets to reduce memory usage. Loaded Objects now: 1866.
Total: 1.830900 ms (FindLiveObjects: 0.184400 ms CreateObjectMapping: 0.052400 ms MarkObjects: 1.574500 ms  DeleteObjects: 0.018400 ms)

========================================================================
Received Prepare
Registering precompiled user dll's ...
Registered in 0.004456 seconds.
Begin MonoManager ReloadAssembly
Native extension for WindowsStandalone target not found
Refreshing native plugins compatible for Editor in 0.44 ms, found 0 plugins.
Preloading 0 native plugins for Editor in 0.00 ms.
Invoked RoslynAnalysisRunner static constructor.
RoslynAnalysisRunner will not be running.
RoslynAnalysisRunner has terminated.
Mono: successfully reloaded assembly
- Completed reload, in  0.960 seconds
Platform modules already initialized, skipping
Refreshing native plugins compatible for Editor in 0.42 ms, found 0 plugins.
Preloading 0 native plugins for Editor in 0.00 ms.
Unloading 1409 Unused Serialized files (Serialized files now loaded: 0)
System memory in use before: 65.0 MB.
System memory in use after: 65.1 MB.

Unloading 29 unused Assets to reduce memory usage. Loaded Objects now: 1869.
Total: 1.845000 ms (FindLiveObjects: 0.141500 ms CreateObjectMapping: 0.049200 ms MarkObjects: 1.632400 ms  DeleteObjects: 0.020500 ms)

========================================================================
Received Prepare
Registering precompiled user dll's ...
Registered in 0.003964 seconds.
Begin MonoManager ReloadAssembly
Native extension for WindowsStandalone target not found
Refreshing native plugins compatible for Editor in 0.39 ms, found 0 plugins.
Preloading 0 native plugins for Editor in 0.00 ms.
Invoked RoslynAnalysisRunner static constructor.
RoslynAnalysisRunner will not be running.
RoslynAnalysisRunner has terminated.
Mono: successfully reloaded assembly
- Completed reload, in  0.860 seconds
Platform modules already initialized, skipping
Refreshing native plugins compatible for Editor in 0.44 ms, found 0 plugins.
Preloading 0 native plugins for Editor in 0.00 ms.
Unloading 1409 Unused Serialized files (Serialized files now loaded: 0)
System memory in use before: 65.0 MB.
System memory in use after: 65.1 MB.

Unloading 29 unused Assets to reduce memory usage. Loaded Objects now: 1872.
Total: 1.690700 ms (FindLiveObjects: 0.142200 ms CreateObjectMapping: 0.052000 ms MarkObjects: 1.477200 ms  DeleteObjects: 0.018300 ms)

========================================================================
Received Prepare
Registering precompiled user dll's ...
Registered in 0.003462 seconds.
Begin MonoManager ReloadAssembly
Native extension for WindowsStandalone target not found
Refreshing native plugins compatible for Editor in 0.43 ms, found 0 plugins.
Preloading 0 native plugins for Editor in 0.00 ms.
Invoked RoslynAnalysisRunner static constructor.
RoslynAnalysisRunner will not be running.
RoslynAnalysisRunner has terminated.
Mono: successfully reloaded assembly
- Completed reload, in  0.919 seconds
Platform modules already initialized, skipping
Refreshing native plugins compatible for Editor in 0.43 ms, found 0 plugins.
Preloading 0 native plugins for Editor in 0.00 ms.
Unloading 1409 Unused Serialized files (Serialized files now loaded: 0)
System memory in use before: 65.0 MB.
System memory in use after: 65.1 MB.

Unloading 29 unused Assets to reduce memory usage. Loaded Objects now: 1875.
Total: 1.817700 ms (FindLiveObjects: 0.166500 ms CreateObjectMapping: 0.057200 ms MarkObjects: 1.574000 ms  DeleteObjects: 0.018800 ms)

========================================================================
Received Prepare
Registering precompiled user dll's ...
Registered in 0.003195 seconds.
Begin MonoManager ReloadAssembly
Native extension for WindowsStandalone target not found
Refreshing native plugins compatible for Editor in 0.88 ms, found 0 plugins.
Preloading 0 native plugins for Editor in 0.00 ms.
Invoked RoslynAnalysisRunner static constructor.
RoslynAnalysisRunner will not be running.
RoslynAnalysisRunner has terminated.
Mono: successfully reloaded assembly
- Completed reload, in  1.130 seconds
Platform modules already initialized, skipping
Refreshing native plugins compatible for Editor in 0.45 ms, found 0 plugins.
Preloading 0 native plugins for Editor in 0.00 ms.
Unloading 1409 Unused Serialized files (Serialized files now loaded: 0)
System memory in use before: 65.0 MB.
System memory in use after: 65.1 MB.

Unloading 29 unused Assets to reduce memory usage. Loaded Objects now: 1878.
Total: 3.045300 ms (FindLiveObjects: 0.183300 ms CreateObjectMapping: 0.072400 ms MarkObjects: 2.750800 ms  DeleteObjects: 0.037200 ms)

========================================================================
Received Prepare
Registering precompiled user dll's ...
Registered in 0.003122 seconds.
Begin MonoManager ReloadAssembly
Native extension for WindowsStandalone target not found
Refreshing native plugins compatible for Editor in 0.42 ms, found 0 plugins.
Preloading 0 native plugins for Editor in 0.00 ms.
Invoked RoslynAnalysisRunner static constructor.
RoslynAnalysisRunner will not be running.
RoslynAnalysisRunner has terminated.
Mono: successfully reloaded assembly
- Completed reload, in  0.828 seconds
Platform modules already initialized, skipping
Refreshing native plugins compatible for Editor in 0.40 ms, found 0 plugins.
Preloading 0 native plugins for Editor in 0.00 ms.
Unloading 1409 Unused Serialized files (Serialized files now loaded: 0)
System memory in use before: 65.0 MB.
System memory in use after: 65.1 MB.

Unloading 29 unused Assets to reduce memory usage. Loaded Objects now: 1881.
Total: 3.396000 ms (FindLiveObjects: 0.204900 ms CreateObjectMapping: 0.070000 ms MarkObjects: 3.075300 ms  DeleteObjects: 0.044200 ms)

========================================================================
Received Prepare
Registering precompiled user dll's ...
Registered in 0.003956 seconds.
Begin MonoManager ReloadAssembly
Native extension for WindowsStandalone target not found
Refreshing native plugins compatible for Editor in 0.47 ms, found 0 plugins.
Preloading 0 native plugins for Editor in 0.00 ms.
Invoked RoslynAnalysisRunner static constructor.
RoslynAnalysisRunner will not be running.
RoslynAnalysisRunner has terminated.
Mono: successfully reloaded assembly
- Completed reload, in  0.915 seconds
Platform modules already initialized, skipping
Refreshing native plugins compatible for Editor in 0.41 ms, found 0 plugins.
Preloading 0 native plugins for Editor in 0.00 ms.
Unloading 1409 Unused Serialized files (Serialized files now loaded: 0)
System memory in use before: 65.0 MB.
System memory in use after: 65.1 MB.

Unloading 29 unused Assets to reduce memory usage. Loaded Objects now: 1884.
Total: 1.763800 ms (FindLiveObjects: 0.241600 ms CreateObjectMapping: 0.055500 ms MarkObjects: 1.446900 ms  DeleteObjects: 0.018800 ms)

========================================================================
Received Prepare
Registering precompiled user dll's ...
Registered in 0.003715 seconds.
Begin MonoManager ReloadAssembly
Native extension for WindowsStandalone target not found
Refreshing native plugins compatible for Editor in 0.44 ms, found 0 plugins.
Preloading 0 native plugins for Editor in 0.00 ms.
Invoked RoslynAnalysisRunner static constructor.
RoslynAnalysisRunner will not be running.
RoslynAnalysisRunner has terminated.
Mono: successfully reloaded assembly
- Completed reload, in  0.906 seconds
Platform modules already initialized, skipping
Refreshing native plugins compatible for Editor in 0.44 ms, found 0 plugins.
Preloading 0 native plugins for Editor in 0.00 ms.
Unloading 1409 Unused Serialized files (Serialized files now loaded: 0)
System memory in use before: 65.0 MB.
System memory in use after: 65.1 MB.

Unloading 29 unused Assets to reduce memory usage. Loaded Objects now: 1887.
Total: 1.798600 ms (FindLiveObjects: 0.186600 ms CreateObjectMapping: 0.085100 ms MarkObjects: 1.502500 ms  DeleteObjects: 0.023100 ms)

========================================================================
Received Prepare
Registering precompiled user dll's ...
Registered in 0.003765 seconds.
Begin MonoManager ReloadAssembly
Native extension for WindowsStandalone target not found
Refreshing native plugins compatible for Editor in 1.07 ms, found 0 plugins.
Preloading 0 native plugins for Editor in 0.00 ms.
Invoked RoslynAnalysisRunner static constructor.
RoslynAnalysisRunner will not be running.
RoslynAnalysisRunner has terminated.
Mono: successfully reloaded assembly
- Completed reload, in  1.080 seconds
Platform modules already initialized, skipping
Refreshing native plugins compatible for Editor in 0.54 ms, found 0 plugins.
Preloading 0 native plugins for Editor in 0.00 ms.
Unloading 1409 Unused Serialized files (Serialized files now loaded: 0)
System memory in use before: 65.0 MB.
System memory in use after: 65.1 MB.

Unloading 29 unused Assets to reduce memory usage. Loaded Objects now: 1890.
Total: 2.726000 ms (FindLiveObjects: 0.348700 ms CreateObjectMapping: 0.127600 ms MarkObjects: 2.211700 ms  DeleteObjects: 0.035800 ms)

========================================================================
Received Prepare
Registering precompiled user dll's ...
Registered in 0.003862 seconds.
Begin MonoManager ReloadAssembly
Native extension for WindowsStandalone target not found
Refreshing native plugins compatible for Editor in 0.38 ms, found 0 plugins.
Preloading 0 native plugins for Editor in 0.00 ms.
Invoked RoslynAnalysisRunner static constructor.
RoslynAnalysisRunner will not be running.
RoslynAnalysisRunner has terminated.
Mono: successfully reloaded assembly
- Completed reload, in  1.164 seconds
Platform modules already initialized, skipping
Refreshing native plugins compatible for Editor in 0.48 ms, found 0 plugins.
Preloading 0 native plugins for Editor in 0.00 ms.
Unloading 1409 Unused Serialized files (Serialized files now loaded: 0)
System memory in use before: 65.0 MB.
System memory in use after: 65.1 MB.

Unloading 29 unused Assets to reduce memory usage. Loaded Objects now: 1893.
Total: 2.205900 ms (FindLiveObjects: 0.192100 ms CreateObjectMapping: 0.062400 ms MarkObjects: 1.924700 ms  DeleteObjects: 0.025100 ms)

========================================================================
Received Import Request.
  Time since last request: 12984.811582 seconds.
  path: Assets/ParticleAttractor/Attractor/ParticleAttractorPool.cs
  artifactKey: Guid(f976cc26252dc9f4fa25b0ebefe9e58a) Importer(815301076,1909f56bfc062723c751e8b465ee728b)
Start importing Assets/ParticleAttractor/Attractor/ParticleAttractorPool.cs using Guid(f976cc26252dc9f4fa25b0ebefe9e58a) Importer(815301076,1909f56bfc062723c751e8b465ee728b)  -> (artifact id: '7e5b0414186a4dea8eaf88e6600e8ecb') in 0.017552 seconds
  Import took 0.020365 seconds .

========================================================================
Received Import Request.
  Time since last request: 64.296683 seconds.
  path: Assets/ParticleAttractor/Attractor/JsonDataHandler
  artifactKey: Guid(bc0334221c116b448a4089b45aea698a) Importer(815301076,1909f56bfc062723c751e8b465ee728b)
Start importing Assets/ParticleAttractor/Attractor/JsonDataHandler using Guid(bc0334221c116b448a4089b45aea698a) Importer(815301076,1909f56bfc062723c751e8b465ee728b)  -> (artifact id: '5d99c5e8ef45add0cf64ad7d801b65c8') in 0.006181 seconds
  Import took 0.008505 seconds .

========================================================================
Received Import Request.
  Time since last request: 109.785437 seconds.
  path: Assets/ParticleAttractor/Attractor/JsonDataHandler.cs
  artifactKey: Guid(a21a6201600c0bf4f9cd61e7a8a003c6) Importer(815301076,1909f56bfc062723c751e8b465ee728b)
Start importing Assets/ParticleAttractor/Attractor/JsonDataHandler.cs using Guid(a21a6201600c0bf4f9cd61e7a8a003c6) Importer(815301076,1909f56bfc062723c751e8b465ee728b)  -> (artifact id: 'cb0102d052b71553257eab03961c0cee') in 0.002765 seconds
  Import took 0.005541 seconds .

========================================================================
Received Prepare
Registering precompiled user dll's ...
Registered in 0.003115 seconds.
Begin MonoManager ReloadAssembly
Native extension for WindowsStandalone target not found
Refreshing native plugins compatible for Editor in 0.43 ms, found 0 plugins.
Preloading 0 native plugins for Editor in 0.00 ms.
Invoked RoslynAnalysisRunner static constructor.
RoslynAnalysisRunner will not be running.
RoslynAnalysisRunner has terminated.
Mono: successfully reloaded assembly
- Completed reload, in  0.816 seconds
Platform modules already initialized, skipping
Refreshing native plugins compatible for Editor in 0.40 ms, found 0 plugins.
Preloading 0 native plugins for Editor in 0.00 ms.
Unloading 1409 Unused Serialized files (Serialized files now loaded: 0)
System memory in use before: 65.0 MB.
System memory in use after: 65.1 MB.

Unloading 29 unused Assets to reduce memory usage. Loaded Objects now: 1896.
Total: 1.709000 ms (FindLiveObjects: 0.168000 ms CreateObjectMapping: 0.060600 ms MarkObjects: 1.460200 ms  DeleteObjects: 0.019000 ms)

========================================================================
Received Import Request.
  Time since last request: 44.218770 seconds.
  path: Assets/ParticleAttractor/Attractor/JsonDataHandler/NewtonsoftJsonAttractor.cs
  artifactKey: Guid(a21a6201600c0bf4f9cd61e7a8a003c6) Importer(815301076,1909f56bfc062723c751e8b465ee728b)
Start importing Assets/ParticleAttractor/Attractor/JsonDataHandler/NewtonsoftJsonAttractor.cs using Guid(a21a6201600c0bf4f9cd61e7a8a003c6) Importer(815301076,1909f56bfc062723c751e8b465ee728b)  -> (artifact id: '21b7b11ceceeee9a08755e8d5fa49a53') in 0.008627 seconds
  Import took 0.011489 seconds .

========================================================================
Received Prepare
Registering precompiled user dll's ...
Registered in 0.003401 seconds.
Begin MonoManager ReloadAssembly
Native extension for WindowsStandalone target not found
Refreshing native plugins compatible for Editor in 0.53 ms, found 0 plugins.
Preloading 0 native plugins for Editor in 0.00 ms.
Invoked RoslynAnalysisRunner static constructor.
RoslynAnalysisRunner will not be running.
RoslynAnalysisRunner has terminated.
Mono: successfully reloaded assembly
- Completed reload, in  1.092 seconds
Platform modules already initialized, skipping
Refreshing native plugins compatible for Editor in 0.52 ms, found 0 plugins.
Preloading 0 native plugins for Editor in 0.00 ms.
Unloading 1409 Unused Serialized files (Serialized files now loaded: 0)
System memory in use before: 65.0 MB.
System memory in use after: 65.1 MB.

Unloading 29 unused Assets to reduce memory usage. Loaded Objects now: 1899.
Total: 2.293900 ms (FindLiveObjects: 0.289800 ms CreateObjectMapping: 0.114600 ms MarkObjects: 1.857900 ms  DeleteObjects: 0.029300 ms)

========================================================================
Received Prepare
Registering precompiled user dll's ...
Registered in 0.003010 seconds.
Begin MonoManager ReloadAssembly
Native extension for WindowsStandalone target not found
Refreshing native plugins compatible for Editor in 0.44 ms, found 0 plugins.
Preloading 0 native plugins for Editor in 0.00 ms.
Invoked RoslynAnalysisRunner static constructor.
RoslynAnalysisRunner will not be running.
RoslynAnalysisRunner has terminated.
Mono: successfully reloaded assembly
- Completed reload, in  0.857 seconds
Platform modules already initialized, skipping
Refreshing native plugins compatible for Editor in 0.39 ms, found 0 plugins.
Preloading 0 native plugins for Editor in 0.00 ms.
Unloading 1409 Unused Serialized files (Serialized files now loaded: 0)
System memory in use before: 65.0 MB.
System memory in use after: 65.1 MB.

Unloading 29 unused Assets to reduce memory usage. Loaded Objects now: 1902.
Total: 1.828900 ms (FindLiveObjects: 0.223900 ms CreateObjectMapping: 0.056000 ms MarkObjects: 1.491100 ms  DeleteObjects: 0.056800 ms)

========================================================================
Received Import Request.
  Time since last request: 53.199909 seconds.
  path: Assets/ParticleAttractor/Attractor/JsonDataHandler/NewtonsoftJsonAttractor.cs
  artifactKey: Guid(a21a6201600c0bf4f9cd61e7a8a003c6) Importer(815301076,1909f56bfc062723c751e8b465ee728b)
Start importing Assets/ParticleAttractor/Attractor/JsonDataHandler/NewtonsoftJsonAttractor.cs using Guid(a21a6201600c0bf4f9cd61e7a8a003c6) Importer(815301076,1909f56bfc062723c751e8b465ee728b)  -> (artifact id: '7b187d8134e47ff8145cc3436ac8293b') in 0.003851 seconds
  Import took 0.007930 seconds .

========================================================================
Received Import Request.
  Time since last request: 0.000832 seconds.
  path: Assets/ParticleAttractor/Attractor/JsonDataHandler/NewtonsoftJsonAttractor.cs
  artifactKey: Guid(a21a6201600c0bf4f9cd61e7a8a003c6) Importer(815301076,1909f56bfc062723c751e8b465ee728b)
Start importing Assets/ParticleAttractor/Attractor/JsonDataHandler/NewtonsoftJsonAttractor.cs using Guid(a21a6201600c0bf4f9cd61e7a8a003c6) Importer(815301076,1909f56bfc062723c751e8b465ee728b)  -> (artifact id: '7b187d8134e47ff8145cc3436ac8293b') in 0.001827 seconds
  Import took 0.004229 seconds .

========================================================================
Received Import Request.
  Time since last request: 4.985187 seconds.
  path: Assets/ParticleAttractor/Attractor/JsonDataHandler/NewtonsoftJsonHandler.cs
  artifactKey: Guid(a21a6201600c0bf4f9cd61e7a8a003c6) Importer(815301076,1909f56bfc062723c751e8b465ee728b)
Start importing Assets/ParticleAttractor/Attractor/JsonDataHandler/NewtonsoftJsonHandler.cs using Guid(a21a6201600c0bf4f9cd61e7a8a003c6) Importer(815301076,1909f56bfc062723c751e8b465ee728b)  -> (artifact id: '7b4f5ec0958aa396015a6d98164e309c') in 0.008186 seconds
  Import took 0.010864 seconds .

========================================================================
Received Prepare
Registering precompiled user dll's ...
Registered in 0.003300 seconds.
Begin MonoManager ReloadAssembly
Native extension for WindowsStandalone target not found
Refreshing native plugins compatible for Editor in 0.38 ms, found 0 plugins.
Preloading 0 native plugins for Editor in 0.00 ms.
Invoked RoslynAnalysisRunner static constructor.
RoslynAnalysisRunner will not be running.
RoslynAnalysisRunner has terminated.
Mono: successfully reloaded assembly
- Completed reload, in  0.870 seconds
Platform modules already initialized, skipping
Refreshing native plugins compatible for Editor in 0.39 ms, found 0 plugins.
Preloading 0 native plugins for Editor in 0.00 ms.
Unloading 1409 Unused Serialized files (Serialized files now loaded: 0)
System memory in use before: 65.0 MB.
System memory in use after: 65.1 MB.

Unloading 29 unused Assets to reduce memory usage. Loaded Objects now: 1905.
Total: 1.858200 ms (FindLiveObjects: 0.186600 ms CreateObjectMapping: 0.069700 ms MarkObjects: 1.580200 ms  DeleteObjects: 0.020800 ms)

========================================================================
Received Import Request.
  Time since last request: 12.044085 seconds.
  path: Assets/ParticleAttractor/Attractor/JsonDataHandler/IJsonHandler.cs
  artifactKey: Guid(91abbde3df5bf0446b58c028076e33af) Importer(815301076,1909f56bfc062723c751e8b465ee728b)
Start importing Assets/ParticleAttractor/Attractor/JsonDataHandler/IJsonHandler.cs using Guid(91abbde3df5bf0446b58c028076e33af) Importer(815301076,1909f56bfc062723c751e8b465ee728b)  -> (artifact id: '9ab42464c3549fd74ee26b18990b2357') in 0.008087 seconds
  Import took 0.010819 seconds .

========================================================================
Received Prepare
Registering precompiled user dll's ...
Registered in 0.003187 seconds.
Begin MonoManager ReloadAssembly
Native extension for WindowsStandalone target not found
Refreshing native plugins compatible for Editor in 0.47 ms, found 0 plugins.
Preloading 0 native plugins for Editor in 0.00 ms.
Invoked RoslynAnalysisRunner static constructor.
RoslynAnalysisRunner will not be running.
RoslynAnalysisRunner has terminated.
Mono: successfully reloaded assembly
- Completed reload, in  0.896 seconds
Platform modules already initialized, skipping
Refreshing native plugins compatible for Editor in 0.49 ms, found 0 plugins.
Preloading 0 native plugins for Editor in 0.00 ms.
Unloading 1410 Unused Serialized files (Serialized files now loaded: 0)
System memory in use before: 65.1 MB.
System memory in use after: 65.2 MB.

Unloading 29 unused Assets to reduce memory usage. Loaded Objects now: 1909.
Total: 2.542400 ms (FindLiveObjects: 0.316800 ms CreateObjectMapping: 0.114300 ms MarkObjects: 2.084100 ms  DeleteObjects: 0.025500 ms)

========================================================================
Received Prepare
Registering precompiled user dll's ...
Registered in 0.004333 seconds.
Begin MonoManager ReloadAssembly
Native extension for WindowsStandalone target not found
Refreshing native plugins compatible for Editor in 0.59 ms, found 0 plugins.
Preloading 0 native plugins for Editor in 0.00 ms.
Invoked RoslynAnalysisRunner static constructor.
RoslynAnalysisRunner will not be running.
RoslynAnalysisRunner has terminated.
Mono: successfully reloaded assembly
- Completed reload, in  0.909 seconds
Platform modules already initialized, skipping
Refreshing native plugins compatible for Editor in 0.40 ms, found 0 plugins.
Preloading 0 native plugins for Editor in 0.00 ms.
Unloading 1410 Unused Serialized files (Serialized files now loaded: 0)
System memory in use before: 65.1 MB.
System memory in use after: 65.2 MB.

Unloading 29 unused Assets to reduce memory usage. Loaded Objects now: 1912.
Total: 2.125600 ms (FindLiveObjects: 0.231300 ms CreateObjectMapping: 0.063900 ms MarkObjects: 1.802500 ms  DeleteObjects: 0.026500 ms)

========================================================================
Received Import Request.
  Time since last request: 22.379580 seconds.
  path: Assets/ParticleAttractor/Attractor/JsonDataHandler/IJsonHandler.cs
  artifactKey: Guid(91abbde3df5bf0446b58c028076e33af) Importer(815301076,1909f56bfc062723c751e8b465ee728b)
Start importing Assets/ParticleAttractor/Attractor/JsonDataHandler/IJsonHandler.cs using Guid(91abbde3df5bf0446b58c028076e33af) Importer(815301076,1909f56bfc062723c751e8b465ee728b)  -> (artifact id: '1c56c9049d9423c215a80f86c2c3598d') in 0.007183 seconds
  Import took 0.018361 seconds .

========================================================================
Received Prepare
Registering precompiled user dll's ...
Registered in 0.003139 seconds.
Begin MonoManager ReloadAssembly
Native extension for WindowsStandalone target not found
Refreshing native plugins compatible for Editor in 0.40 ms, found 0 plugins.
Preloading 0 native plugins for Editor in 0.00 ms.
Invoked RoslynAnalysisRunner static constructor.
RoslynAnalysisRunner will not be running.
RoslynAnalysisRunner has terminated.
Mono: successfully reloaded assembly
- Completed reload, in  0.850 seconds
Platform modules already initialized, skipping
Refreshing native plugins compatible for Editor in 0.39 ms, found 0 plugins.
Preloading 0 native plugins for Editor in 0.00 ms.
Unloading 1410 Unused Serialized files (Serialized files now loaded: 0)
System memory in use before: 65.1 MB.
System memory in use after: 65.2 MB.

Unloading 29 unused Assets to reduce memory usage. Loaded Objects now: 1915.
Total: 4.774200 ms (FindLiveObjects: 0.432100 ms CreateObjectMapping: 0.277500 ms MarkObjects: 4.006800 ms  DeleteObjects: 0.054600 ms)

========================================================================
Received Import Request.
  Time since last request: 84.528746 seconds.
  path: Assets/ParticleAttractor/Attractor/JsonDataHandler/NewtonsoftJsonHandler.cs
  artifactKey: Guid(a21a6201600c0bf4f9cd61e7a8a003c6) Importer(815301076,1909f56bfc062723c751e8b465ee728b)
Start importing Assets/ParticleAttractor/Attractor/JsonDataHandler/NewtonsoftJsonHandler.cs using Guid(a21a6201600c0bf4f9cd61e7a8a003c6) Importer(815301076,1909f56bfc062723c751e8b465ee728b)  -> (artifact id: '7dd760ce53525ab7ac78b552a73aea42') in 0.004385 seconds
  Import took 0.007436 seconds .

========================================================================
Received Prepare
Registering precompiled user dll's ...
Registered in 0.003186 seconds.
Begin MonoManager ReloadAssembly
Native extension for WindowsStandalone target not found
Refreshing native plugins compatible for Editor in 0.60 ms, found 0 plugins.
Preloading 0 native plugins for Editor in 0.00 ms.
Invoked RoslynAnalysisRunner static constructor.
RoslynAnalysisRunner will not be running.
RoslynAnalysisRunner has terminated.
Mono: successfully reloaded assembly
- Completed reload, in  1.101 seconds
Platform modules already initialized, skipping
Refreshing native plugins compatible for Editor in 0.46 ms, found 0 plugins.
Preloading 0 native plugins for Editor in 0.00 ms.
Unloading 1410 Unused Serialized files (Serialized files now loaded: 0)
System memory in use before: 65.1 MB.
System memory in use after: 65.2 MB.

Unloading 29 unused Assets to reduce memory usage. Loaded Objects now: 1918.
Total: 1.794200 ms (FindLiveObjects: 0.147200 ms CreateObjectMapping: 0.049000 ms MarkObjects: 1.577200 ms  DeleteObjects: 0.020100 ms)

========================================================================
Received Prepare
Registering precompiled user dll's ...
Registered in 0.006938 seconds.
Begin MonoManager ReloadAssembly
Native extension for WindowsStandalone target not found
Refreshing native plugins compatible for Editor in 0.63 ms, found 0 plugins.
Preloading 0 native plugins for Editor in 0.00 ms.
Invoked RoslynAnalysisRunner static constructor.
RoslynAnalysisRunner will not be running.
RoslynAnalysisRunner has terminated.
Mono: successfully reloaded assembly
- Completed reload, in  0.920 seconds
Platform modules already initialized, skipping
Refreshing native plugins compatible for Editor in 0.38 ms, found 0 plugins.
Preloading 0 native plugins for Editor in 0.00 ms.
Unloading 1410 Unused Serialized files (Serialized files now loaded: 0)
System memory in use before: 65.1 MB.
System memory in use after: 65.2 MB.

Unloading 29 unused Assets to reduce memory usage. Loaded Objects now: 1921.
Total: 1.705700 ms (FindLiveObjects: 0.155500 ms CreateObjectMapping: 0.056100 ms MarkObjects: 1.468900 ms  DeleteObjects: 0.024100 ms)

========================================================================
Received Prepare
Registering precompiled user dll's ...
Registered in 0.003117 seconds.
Begin MonoManager ReloadAssembly
Native extension for WindowsStandalone target not found
Refreshing native plugins compatible for Editor in 0.43 ms, found 0 plugins.
Preloading 0 native plugins for Editor in 0.00 ms.
Invoked RoslynAnalysisRunner static constructor.
RoslynAnalysisRunner will not be running.
RoslynAnalysisRunner has terminated.
Mono: successfully reloaded assembly
- Completed reload, in  0.813 seconds
Platform modules already initialized, skipping
Refreshing native plugins compatible for Editor in 0.41 ms, found 0 plugins.
Preloading 0 native plugins for Editor in 0.00 ms.
Unloading 1410 Unused Serialized files (Serialized files now loaded: 0)
System memory in use before: 65.1 MB.
System memory in use after: 65.2 MB.

Unloading 29 unused Assets to reduce memory usage. Loaded Objects now: 1924.
Total: 1.689900 ms (FindLiveObjects: 0.183800 ms CreateObjectMapping: 0.047100 ms MarkObjects: 1.439500 ms  DeleteObjects: 0.018500 ms)

========================================================================
Received Prepare
Registering precompiled user dll's ...
Registered in 0.003796 seconds.
Begin MonoManager ReloadAssembly
Native extension for WindowsStandalone target not found
Refreshing native plugins compatible for Editor in 0.45 ms, found 0 plugins.
Preloading 0 native plugins for Editor in 0.00 ms.
Invoked RoslynAnalysisRunner static constructor.
RoslynAnalysisRunner will not be running.
RoslynAnalysisRunner has terminated.
Mono: successfully reloaded assembly
- Completed reload, in  0.885 seconds
Platform modules already initialized, skipping
Refreshing native plugins compatible for Editor in 0.41 ms, found 0 plugins.
Preloading 0 native plugins for Editor in 0.00 ms.
Unloading 1410 Unused Serialized files (Serialized files now loaded: 0)
System memory in use before: 65.1 MB.
System memory in use after: 65.2 MB.

Unloading 29 unused Assets to reduce memory usage. Loaded Objects now: 1927.
Total: 1.974000 ms (FindLiveObjects: 0.222100 ms CreateObjectMapping: 0.110500 ms MarkObjects: 1.617900 ms  DeleteObjects: 0.021900 ms)

========================================================================
Received Prepare
Registering precompiled user dll's ...
Registered in 0.003148 seconds.
Begin MonoManager ReloadAssembly
Native extension for WindowsStandalone target not found
Refreshing native plugins compatible for Editor in 0.42 ms, found 0 plugins.
Preloading 0 native plugins for Editor in 0.00 ms.
Invoked RoslynAnalysisRunner static constructor.
RoslynAnalysisRunner will not be running.
RoslynAnalysisRunner has terminated.
Mono: successfully reloaded assembly
- Completed reload, in  0.877 seconds
Platform modules already initialized, skipping
Refreshing native plugins compatible for Editor in 0.41 ms, found 0 plugins.
Preloading 0 native plugins for Editor in 0.00 ms.
Unloading 1410 Unused Serialized files (Serialized files now loaded: 0)
System memory in use before: 65.1 MB.
System memory in use after: 65.2 MB.

Unloading 29 unused Assets to reduce memory usage. Loaded Objects now: 1930.
Total: 1.670300 ms (FindLiveObjects: 0.180500 ms CreateObjectMapping: 0.065800 ms MarkObjects: 1.407400 ms  DeleteObjects: 0.015700 ms)

========================================================================
Received Prepare
Registering precompiled user dll's ...
Registered in 0.003379 seconds.
Begin MonoManager ReloadAssembly
Native extension for WindowsStandalone target not found
Refreshing native plugins compatible for Editor in 0.45 ms, found 0 plugins.
Preloading 0 native plugins for Editor in 0.00 ms.
Invoked RoslynAnalysisRunner static constructor.
RoslynAnalysisRunner will not be running.
RoslynAnalysisRunner has terminated.
Mono: successfully reloaded assembly
- Completed reload, in  0.874 seconds
Platform modules already initialized, skipping
Refreshing native plugins compatible for Editor in 0.41 ms, found 0 plugins.
Preloading 0 native plugins for Editor in 0.00 ms.
Unloading 1410 Unused Serialized files (Serialized files now loaded: 0)
System memory in use before: 65.1 MB.
System memory in use after: 65.2 MB.

Unloading 29 unused Assets to reduce memory usage. Loaded Objects now: 1933.
Total: 1.805100 ms (FindLiveObjects: 0.265300 ms CreateObjectMapping: 0.059200 ms MarkObjects: 1.458000 ms  DeleteObjects: 0.021400 ms)

========================================================================
Received Prepare
Registering precompiled user dll's ...
Registered in 0.003235 seconds.
Begin MonoManager ReloadAssembly
Native extension for WindowsStandalone target not found
Refreshing native plugins compatible for Editor in 0.40 ms, found 0 plugins.
Preloading 0 native plugins for Editor in 0.00 ms.
Invoked RoslynAnalysisRunner static constructor.
RoslynAnalysisRunner will not be running.
RoslynAnalysisRunner has terminated.
Mono: successfully reloaded assembly
- Completed reload, in  0.864 seconds
Platform modules already initialized, skipping
Refreshing native plugins compatible for Editor in 0.87 ms, found 0 plugins.
Preloading 0 native plugins for Editor in 0.00 ms.
Unloading 1410 Unused Serialized files (Serialized files now loaded: 0)
System memory in use before: 65.1 MB.
System memory in use after: 65.2 MB.

Unloading 29 unused Assets to reduce memory usage. Loaded Objects now: 1936.
Total: 2.284900 ms (FindLiveObjects: 0.306200 ms CreateObjectMapping: 0.087000 ms MarkObjects: 1.866800 ms  DeleteObjects: 0.023600 ms)

AssetImportWorkerClient::OnTransportError - code=2 error=End of file
